# JRE version: OpenJDK Runtime Environment Temurin-21.0.10+7 (21.0.10+7) (build 21.0.10+7-LTS)
# Java VM: OpenJDK 64-Bit Server VM Temurin-21.0.10+7 (21.0.10+7-LTS, mixed mode, sharing, tiered, compressed oops, compressed class ptrs, parallel gc, windows-amd64)
GC Precious Log:
 CardTable entry size: 512
 CPUs: 16 total, 16 available
 Memory: 32454M
 Large Page Support: Disabled
 NUMA Support: Disabled
 Compressed Oops: Enabled (32-bit)
 Alignments: Space 512K, Generation 512K, Heap 2M
 Heap Min Capacity: 100M
 Heap Initial Capacity: 100M
 Heap Max Capacity: 2G
 Pre-touch: Disabled
 Parallel Workers: 13
Heap:
 PSYoungGen      total 7680K, used 6568K [0x00000000d5580000, 0x00000000d5f00000, 0x0000000100000000)
  eden space 5632K, 84% used [0x00000000d5580000,0x00000000d5a2bb40,0x00000000d5b00000)
  from space 2048K, 87% used [0x00000000d5d00000,0x00000000d5ebe790,0x00000000d5f00000)
  to   space 2048K, 0% used [0x00000000d5b00000,0x00000000d5b00000,0x00000000d5d00000)
 ParOldGen       total 850944K, used 850863K [0x0000000080000000, 0x00000000b3f00000, 0x00000000d5580000)
  object space 850944K, 99% used [0x0000000080000000,0x00000000b3eebf68,0x00000000b3f00000)
 Metaspace       used 83229K, committed 85056K, reserved 1179648K
  class space    used 8308K, committed 9216K, reserved 1048576K
GC Heap History (20 events):
Event: 86703.573 GC heap before
{Heap before GC invocations=2598 (full 5):
 PSYoungGen      total 7168K, used 6688K [0x00000000d5580000, 0x00000000d5e00000, 0x0000000100000000)
  eden space 6144K, 100% used [0x00000000d5580000,0x00000000d5b80000,0x00000000d5b80000)
  from space 1024K, 53% used [0x00000000d5d00000,0x00000000d5d88020,0x00000000d5e00000)
  to   space 1024K, 0% used [0x00000000d5b80000,0x00000000d5b80000,0x00000000d5c80000)
 ParOldGen       total 845824K, used 845757K [0x0000000080000000, 0x00000000b3a00000, 0x00000000d5580000)
  object space 845824K, 99% used [0x0000000080000000,0x00000000b39ef500,0x00000000b3a00000)
 Metaspace       used 82982K, committed 84864K, reserved 1179648K
  class space    used 8296K, committed 9216K, reserved 1048576K
}
Event: 86703.575 GC heap after
{Heap after GC invocations=2598 (full 5):
 PSYoungGen      total 7168K, used 480K [0x00000000d5580000, 0x00000000d5d80000, 0x0000000100000000)
  eden space 6144K, 0% used [0x00000000d5580000,0x00000000d5580000,0x00000000d5b80000)
  from space 1024K, 46% used [0x00000000d5b80000,0x00000000d5bf8000,0x00000000d5c80000)
  to   space 1024K, 0% used [0x00000000d5c80000,0x00000000d5c80000,0x00000000d5d80000)
 ParOldGen       total 846336K, used 846173K [0x0000000080000000, 0x00000000b3a80000, 0x00000000d5580000)
  object space 846336K, 99% used [0x0000000080000000,0x00000000b3a57520,0x00000000b3a80000)
 Metaspace       used 82982K, committed 84864K, reserved 1179648K
  class space    used 8296K, committed 9216K, reserved 1048576K
}
Event: 86703.581 GC heap before
{Heap before GC invocations=2599 (full 5):
 PSYoungGen      total 7168K, used 6624K [0x00000000d5580000, 0x00000000d5d80000, 0x0000000100000000)
  eden space 6144K, 100% used [0x00000000d5580000,0x00000000d5b80000,0x00000000d5b80000)
  from space 1024K, 46% used [0x00000000d5b80000,0x00000000d5bf8000,0x00000000d5c80000)
  to   space 1024K, 0% used [0x00000000d5c80000,0x00000000d5c80000,0x00000000d5d80000)
 ParOldGen       total 846336K, used 846173K [0x0000000080000000, 0x00000000b3a80000, 0x00000000d5580000)
  object space 846336K, 99% used [0x0000000080000000,0x00000000b3a57520,0x00000000b3a80000)
 Metaspace       used 82982K, committed 84864K, reserved 1179648K
  class space    used 8296K, committed 9216K, reserved 1048576K
}
Event: 86703.582 GC heap after
{Heap after GC invocations=2599 (full 5):
 PSYoungGen      total 7168K, used 640K [0x00000000d5580000, 0x00000000d5d80000, 0x0000000100000000)
  eden space 6144K, 0% used [0x00000000d5580000,0x00000000d5580000,0x00000000d5b80000)
  from space 1024K, 62% used [0x00000000d5c80000,0x00000000d5d20020,0x00000000d5d80000)
  to   space 1024K, 0% used [0x00000000d5b80000,0x00000000d5b80000,0x00000000d5c80000)
 ParOldGen       total 846848K, used 846541K [0x0000000080000000, 0x00000000b3b00000, 0x00000000d5580000)
  object space 846848K, 99% used [0x0000000080000000,0x00000000b3ab3540,0x00000000b3b00000)
 Metaspace       used 82982K, committed 84864K, reserved 1179648K
  class space    used 8296K, committed 9216K, reserved 1048576K
}
Event: 86703.591 GC heap before
{Heap before GC invocations=2600 (full 5):
 PSYoungGen      total 7168K, used 6784K [0x00000000d5580000, 0x00000000d5d80000, 0x0000000100000000)
  eden space 6144K, 100% used [0x00000000d5580000,0x00000000d5b80000,0x00000000d5b80000)
  from space 1024K, 62% used [0x00000000d5c80000,0x00000000d5d20020,0x00000000d5d80000)
  to   space 1024K, 0% used [0x00000000d5b80000,0x00000000d5b80000,0x00000000d5c80000)
 ParOldGen       total 846848K, used 846541K [0x0000000080000000, 0x00000000b3b00000, 0x00000000d5580000)
  object space 846848K, 99% used [0x0000000080000000,0x00000000b3ab3540,0x00000000b3b00000)
 Metaspace       used 82982K, committed 84864K, reserved 1179648K
  class space    used 8296K, committed 9216K, reserved 1048576K
}
Event: 86703.592 GC heap after
{Heap after GC invocations=2600 (full 5):
 PSYoungGen      total 7168K, used 768K [0x00000000d5580000, 0x00000000d5d80000, 0x0000000100000000)
  eden space 6144K, 0% used [0x00000000d5580000,0x00000000d5580000,0x00000000d5b80000)
  from space 1024K, 75% used [0x00000000d5b80000,0x00000000d5c40000,0x00000000d5c80000)
  to   space 1024K, 0% used [0x00000000d5c80000,0x00000000d5c80000,0x00000000d5d80000)
 ParOldGen       total 847360K, used 847045K [0x0000000080000000, 0x00000000b3b80000, 0x00000000d5580000)
  object space 847360K, 99% used [0x0000000080000000,0x00000000b3b31560,0x00000000b3b80000)
 Metaspace       used 82982K, committed 84864K, reserved 1179648K
  class space    used 8296K, committed 9216K, reserved 1048576K
}
Event: 86703.600 GC heap before
{Heap before GC invocations=2601 (full 5):
 PSYoungGen      total 7168K, used 6912K [0x00000000d5580000, 0x00000000d5d80000, 0x0000000100000000)
  eden space 6144K, 100% used [0x00000000d5580000,0x00000000d5b80000,0x00000000d5b80000)
  from space 1024K, 75% used [0x00000000d5b80000,0x00000000d5c40000,0x00000000d5c80000)
  to   space 1024K, 0% used [0x00000000d5c80000,0x00000000d5c80000,0x00000000d5d80000)
 ParOldGen       total 847360K, used 847045K [0x0000000080000000, 0x00000000b3b80000, 0x00000000d5580000)
  object space 847360K, 99% used [0x0000000080000000,0x00000000b3b31560,0x00000000b3b80000)
 Metaspace       used 82982K, committed 84864K, reserved 1179648K
  class space    used 8296K, committed 9216K, reserved 1048576K
}
Event: 86703.602 GC heap after
{Heap after GC invocations=2601 (full 5):
 PSYoungGen      total 7168K, used 576K [0x00000000d5580000, 0x00000000d5d80000, 0x0000000100000000)
  eden space 6144K, 0% used [0x00000000d5580000,0x00000000d5580000,0x00000000d5b80000)
  from space 1024K, 56% used [0x00000000d5c80000,0x00000000d5d10000,0x00000000d5d80000)
  to   space 1024K, 0% used [0x00000000d5b80000,0x00000000d5b80000,0x00000000d5c80000)
 ParOldGen       total 847872K, used 847592K [0x0000000080000000, 0x00000000b3c00000, 0x00000000d5580000)
  object space 847872K, 99% used [0x0000000080000000,0x00000000b3bba2f0,0x00000000b3c00000)
 Metaspace       used 82982K, committed 84864K, reserved 1179648K
  class space    used 8296K, committed 9216K, reserved 1048576K
}
Event: 86703.614 GC heap before
{Heap before GC invocations=2602 (full 5):
 PSYoungGen      total 7168K, used 6720K [0x00000000d5580000, 0x00000000d5d80000, 0x0000000100000000)
  eden space 6144K, 100% used [0x00000000d5580000,0x00000000d5b80000,0x00000000d5b80000)
  from space 1024K, 56% used [0x00000000d5c80000,0x00000000d5d10000,0x00000000d5d80000)
  to   space 1024K, 0% used [0x00000000d5b80000,0x00000000d5b80000,0x00000000d5c80000)
 ParOldGen       total 847872K, used 847592K [0x0000000080000000, 0x00000000b3c00000, 0x00000000d5580000)
  object space 847872K, 99% used [0x0000000080000000,0x00000000b3bba2f0,0x00000000b3c00000)
 Metaspace       used 82985K, committed 84864K, reserved 1179648K
  class space    used 8296K, committed 9216K, reserved 1048576K
}
Event: 86703.615 GC heap after
{Heap after GC invocations=2602 (full 5):
 PSYoungGen      total 7168K, used 688K [0x00000000d5580000, 0x00000000d5d80000, 0x0000000100000000)
  eden space 6144K, 0% used [0x00000000d5580000,0x00000000d5580000,0x00000000d5b80000)
  from space 1024K, 67% used [0x00000000d5b80000,0x00000000d5c2c010,0x00000000d5c80000)
  to   space 1024K, 0% used [0x00000000d5c80000,0x00000000d5c80000,0x00000000d5d80000)
 ParOldGen       total 848384K, used 848002K [0x0000000080000000, 0x00000000b3c80000, 0x00000000d5580000)
  object space 848384K, 99% used [0x0000000080000000,0x00000000b3c20950,0x00000000b3c80000)
 Metaspace       used 82985K, committed 84864K, reserved 1179648K
  class space    used 8296K, committed 9216K, reserved 1048576K
}
Event: 86703.644 GC heap before
{Heap before GC invocations=2603 (full 5):
 PSYoungGen      total 7168K, used 6832K [0x00000000d5580000, 0x00000000d5d80000, 0x0000000100000000)
  eden space 6144K, 100% used [0x00000000d5580000,0x00000000d5b80000,0x00000000d5b80000)
  from space 1024K, 67% used [0x00000000d5b80000,0x00000000d5c2c010,0x00000000d5c80000)
  to   space 1024K, 0% used [0x00000000d5c80000,0x00000000d5c80000,0x00000000d5d80000)
 ParOldGen       total 848384K, used 848002K [0x0000000080000000, 0x00000000b3c80000, 0x00000000d5580000)
  object space 848384K, 99% used [0x0000000080000000,0x00000000b3c20950,0x00000000b3c80000)
 Metaspace       used 82985K, committed 84864K, reserved 1179648K
  class space    used 8296K, committed 9216K, reserved 1048576K
}
Event: 86703.646 GC heap after
{Heap after GC invocations=2603 (full 5):
 PSYoungGen      total 6656K, used 992K [0x00000000d5580000, 0x00000000d5e80000, 0x0000000100000000)
  eden space 5632K, 0% used [0x00000000d5580000,0x00000000d5580000,0x00000000d5b00000)
  from space 1024K, 96% used [0x00000000d5c80000,0x00000000d5d78000,0x00000000d5d80000)
  to   space 1536K, 0% used [0x00000000d5b00000,0x00000000d5b00000,0x00000000d5c80000)
 ParOldGen       total 848896K, used 848518K [0x0000000080000000, 0x00000000b3d00000, 0x00000000d5580000)
  object space 848896K, 99% used [0x0000000080000000,0x00000000b3ca19a0,0x00000000b3d00000)
 Metaspace       used 82985K, committed 84864K, reserved 1179648K
  class space    used 8296K, committed 9216K, reserved 1048576K
}
Event: 86703.664 GC heap before
{Heap before GC invocations=2604 (full 5):
 PSYoungGen      total 6656K, used 6624K [0x00000000d5580000, 0x00000000d5e80000, 0x0000000100000000)
  eden space 5632K, 100% used [0x00000000d5580000,0x00000000d5b00000,0x00000000d5b00000)
  from space 1024K, 96% used [0x00000000d5c80000,0x00000000d5d78000,0x00000000d5d80000)
  to   space 1536K, 0% used [0x00000000d5b00000,0x00000000d5b00000,0x00000000d5c80000)
 ParOldGen       total 848896K, used 848518K [0x0000000080000000, 0x00000000b3d00000, 0x00000000d5580000)
  object space 848896K, 99% used [0x0000000080000000,0x00000000b3ca19a0,0x00000000b3d00000)
 Metaspace       used 82986K, committed 84864K, reserved 1179648K
  class space    used 8296K, committed 9216K, reserved 1048576K
}
Event: 86703.665 GC heap after
{Heap after GC invocations=2604 (full 5):
 PSYoungGen      total 6656K, used 736K [0x00000000d5580000, 0x00000000d5d00000, 0x0000000100000000)
  eden space 5632K, 0% used [0x00000000d5580000,0x00000000d5580000,0x00000000d5b00000)
  from space 1024K, 71% used [0x00000000d5b00000,0x00000000d5bb8000,0x00000000d5c00000)
  to   space 1024K, 0% used [0x00000000d5c00000,0x00000000d5c00000,0x00000000d5d00000)
 ParOldGen       total 849408K, used 849319K [0x0000000080000000, 0x00000000b3d80000, 0x00000000d5580000)
  object space 849408K, 99% used [0x0000000080000000,0x00000000b3d69c50,0x00000000b3d80000)
 Metaspace       used 82986K, committed 84864K, reserved 1179648K
  class space    used 8296K, committed 9216K, reserved 1048576K
}
Event: 86703.687 GC heap before
{Heap before GC invocations=2605 (full 5):
 PSYoungGen      total 6656K, used 6368K [0x00000000d5580000, 0x00000000d5d00000, 0x0000000100000000)
  eden space 5632K, 100% used [0x00000000d5580000,0x00000000d5b00000,0x00000000d5b00000)
  from space 1024K, 71% used [0x00000000d5b00000,0x00000000d5bb8000,0x00000000d5c00000)
  to   space 1024K, 0% used [0x00000000d5c00000,0x00000000d5c00000,0x00000000d5d00000)
 ParOldGen       total 849408K, used 849319K [0x0000000080000000, 0x00000000b3d80000, 0x00000000d5580000)
  object space 849408K, 99% used [0x0000000080000000,0x00000000b3d69c50,0x00000000b3d80000)
 Metaspace       used 82986K, committed 84864K, reserved 1179648K
  class space    used 8296K, committed 9216K, reserved 1048576K
}
Event: 86703.689 GC heap after
{Heap after GC invocations=2605 (full 5):
 PSYoungGen      total 6656K, used 560K [0x00000000d5580000, 0x00000000d5d00000, 0x0000000100000000)
  eden space 5632K, 0% used [0x00000000d5580000,0x00000000d5580000,0x00000000d5b00000)
  from space 1024K, 54% used [0x00000000d5c00000,0x00000000d5c8c010,0x00000000d5d00000)
  to   space 1024K, 0% used [0x00000000d5b00000,0x00000000d5b00000,0x00000000d5c00000)
 ParOldGen       total 849920K, used 849807K [0x0000000080000000, 0x00000000b3e00000, 0x00000000d5580000)
  object space 849920K, 99% used [0x0000000080000000,0x00000000b3de3c90,0x00000000b3e00000)
 Metaspace       used 82986K, committed 84864K, reserved 1179648K
  class space    used 8296K, committed 9216K, reserved 1048576K
}
Event: 86703.755 GC heap before
{Heap before GC invocations=2606 (full 5):
 PSYoungGen      total 6656K, used 6192K [0x00000000d5580000, 0x00000000d5d00000, 0x0000000100000000)
  eden space 5632K, 100% used [0x00000000d5580000,0x00000000d5b00000,0x00000000d5b00000)
  from space 1024K, 54% used [0x00000000d5c00000,0x00000000d5c8c010,0x00000000d5d00000)
  to   space 1024K, 0% used [0x00000000d5b00000,0x00000000d5b00000,0x00000000d5c00000)
 ParOldGen       total 849920K, used 849807K [0x0000000080000000, 0x00000000b3e00000, 0x00000000d5580000)
  object space 849920K, 99% used [0x0000000080000000,0x00000000b3de3c90,0x00000000b3e00000)
 Metaspace       used 83002K, committed 84864K, reserved 1179648K
  class space    used 8299K, committed 9216K, reserved 1048576K
}
Event: 86703.757 GC heap after
{Heap after GC invocations=2606 (full 5):
 PSYoungGen      total 6656K, used 1002K [0x00000000d5580000, 0x00000000d5f00000, 0x0000000100000000)
  eden space 5632K, 0% used [0x00000000d5580000,0x00000000d5580000,0x00000000d5b00000)
  from space 1024K, 97% used [0x00000000d5b00000,0x00000000d5bfabd0,0x00000000d5c00000)
  to   space 2048K, 0% used [0x00000000d5d00000,0x00000000d5d00000,0x00000000d5f00000)
 ParOldGen       total 850432K, used 850238K [0x0000000080000000, 0x00000000b3e80000, 0x00000000d5580000)
  object space 850432K, 99% used [0x0000000080000000,0x00000000b3e4f830,0x00000000b3e80000)
 Metaspace       used 83002K, committed 84864K, reserved 1179648K
  class space    used 8299K, committed 9216K, reserved 1048576K
}
Event: 86703.850 GC heap before
{Heap before GC invocations=2607 (full 5):
 PSYoungGen      total 6656K, used 5639K [0x00000000d5580000, 0x00000000d5f00000, 0x0000000100000000)
  eden space 5632K, 82% used [0x00000000d5580000,0x00000000d5a071a8,0x00000000d5b00000)
  from space 1024K, 97% used [0x00000000d5b00000,0x00000000d5bfabd0,0x00000000d5c00000)
  to   space 2048K, 0% used [0x00000000d5d00000,0x00000000d5d00000,0x00000000d5f00000)
 ParOldGen       total 850432K, used 850238K [0x0000000080000000, 0x00000000b3e80000, 0x00000000d5580000)
  object space 850432K, 99% used [0x0000000080000000,0x00000000b3e4f830,0x00000000b3e80000)
 Metaspace       used 83190K, committed 85056K, reserved 1179648K
  class space    used 8305K, committed 9216K, reserved 1048576K
}
Event: 86703.853 GC heap after
{Heap after GC invocations=2607 (full 5):
 PSYoungGen      total 7680K, used 1785K [0x00000000d5580000, 0x00000000d5f00000, 0x0000000100000000)
  eden space 5632K, 0% used [0x00000000d5580000,0x00000000d5580000,0x00000000d5b00000)
  from space 2048K, 87% used [0x00000000d5d00000,0x00000000d5ebe790,0x00000000d5f00000)
  to   space 2048K, 0% used [0x00000000d5b00000,0x00000000d5b00000,0x00000000d5d00000)
 ParOldGen       total 850944K, used 850863K [0x0000000080000000, 0x00000000b3f00000, 0x00000000d5580000)
  object space 850944K, 99% used [0x0000000080000000,0x00000000b3eebf68,0x00000000b3f00000)
 Metaspace       used 83190K, committed 85056K, reserved 1179648K
  class space    used 8305K, committed 9216K, reserved 1048576K
}

