# JRE version: OpenJDK Runtime Environment Temurin-21.0.10+7 (21.0.10+7) (build 21.0.10+7-LTS)
# Java VM: OpenJDK 64-Bit Server VM Temurin-21.0.10+7 (21.0.10+7-LTS, mixed mode, sharing, tiered, compressed oops, compressed class ptrs, parallel gc, windows-amd64)
GC Precious Log:
 CardTable entry size: 512
 CPUs: 16 total, 16 available
 Memory: 32454M
 Large Page Support: Disabled
 NUMA Support: Disabled
 Compressed Oops: Enabled (32-bit)
 Alignments: Space 512K, Generation 512K, Heap 2M
 Heap Min Capacity: 100M
 Heap Initial Capacity: 100M
 Heap Max Capacity: 2G
 Pre-touch: Disabled
 Parallel Workers: 13
Heap:
 PSYoungGen      total 7680K, used 7669K [0x00000000d5580000, 0x00000000d6100000, 0x0000000100000000)
  eden space 6656K, 100% used [0x00000000d5580000,0x00000000d5c00000,0x00000000d5c00000)
  from space 1024K, 99% used [0x00000000d5e00000,0x00000000d5efd7b8,0x00000000d5f00000)
  to   space 2048K, 0% used [0x00000000d5c00000,0x00000000d5c00000,0x00000000d5e00000)
 ParOldGen       total 1398272K, used 1397895K [0x0000000080000000, 0x00000000d5580000, 0x00000000d5580000)
  object space 1398272K, 99% used [0x0000000080000000,0x00000000d5521c28,0x00000000d5580000)
 Metaspace       used 88053K, committed 89536K, reserved 1179648K
  class space    used 8248K, committed 8960K, reserved 1048576K
GC Heap History (20 events):
Event: 104964.341 GC heap after
{Heap after GC invocations=10454 (full 12):
 PSYoungGen      total 9216K, used 576K [0x00000000d5580000, 0x00000000d6000000, 0x0000000100000000)
  eden space 8192K, 0% used [0x00000000d5580000,0x00000000d5580000,0x00000000d5d80000)
  from space 1024K, 56% used [0x00000000d5e00000,0x00000000d5e90040,0x00000000d5f00000)
  to   space 1024K, 0% used [0x00000000d5f00000,0x00000000d5f00000,0x00000000d6000000)
 ParOldGen       total 1389056K, used 1389019K [0x0000000080000000, 0x00000000d4c80000, 0x00000000d5580000)
  object space 1389056K, 99% used [0x0000000080000000,0x00000000d4c76df8,0x00000000d4c80000)
 Metaspace       used 88053K, committed 89536K, reserved 1179648K
  class space    used 8248K, committed 8960K, reserved 1048576K
}
Event: 104964.450 GC heap before
{Heap before GC invocations=10455 (full 12):
 PSYoungGen      total 9216K, used 8760K [0x00000000d5580000, 0x00000000d6000000, 0x0000000100000000)
  eden space 8192K, 99% used [0x00000000d5580000,0x00000000d5d7e158,0x00000000d5d80000)
  from space 1024K, 56% used [0x00000000d5e00000,0x00000000d5e90040,0x00000000d5f00000)
  to   space 1024K, 0% used [0x00000000d5f00000,0x00000000d5f00000,0x00000000d6000000)
 ParOldGen       total 1389056K, used 1389019K [0x0000000080000000, 0x00000000d4c80000, 0x00000000d5580000)
  object space 1389056K, 99% used [0x0000000080000000,0x00000000d4c76df8,0x00000000d4c80000)
 Metaspace       used 88053K, committed 89536K, reserved 1179648K
  class space    used 8248K, committed 8960K, reserved 1048576K
}
Event: 104964.454 GC heap after
{Heap after GC invocations=10455 (full 12):
 PSYoungGen      total 3584K, used 1013K [0x00000000d5580000, 0x00000000d6b80000, 0x0000000100000000)
  eden space 2560K, 0% used [0x00000000d5580000,0x00000000d5580000,0x00000000d5800000)
  from space 1024K, 98% used [0x00000000d5f00000,0x00000000d5ffd428,0x00000000d6000000)
  to   space 7168K, 0% used [0x00000000d5800000,0x00000000d5800000,0x00000000d5f00000)
 ParOldGen       total 1394176K, used 1394152K [0x0000000080000000, 0x00000000d5180000, 0x00000000d5580000)
  object space 1394176K, 99% used [0x0000000080000000,0x00000000d517a0d0,0x00000000d5180000)
 Metaspace       used 88053K, committed 89536K, reserved 1179648K
  class space    used 8248K, committed 8960K, reserved 1048576K
}
Event: 104964.459 GC heap before
{Heap before GC invocations=10456 (full 12):
 PSYoungGen      total 3584K, used 3573K [0x00000000d5580000, 0x00000000d6b80000, 0x0000000100000000)
  eden space 2560K, 100% used [0x00000000d5580000,0x00000000d5800000,0x00000000d5800000)
  from space 1024K, 98% used [0x00000000d5f00000,0x00000000d5ffd428,0x00000000d6000000)
  to   space 7168K, 0% used [0x00000000d5800000,0x00000000d5800000,0x00000000d5f00000)
 ParOldGen       total 1394176K, used 1394152K [0x0000000080000000, 0x00000000d5180000, 0x00000000d5580000)
  object space 1394176K, 99% used [0x0000000080000000,0x00000000d517a0d0,0x00000000d5180000)
 Metaspace       used 88053K, committed 89536K, reserved 1179648K
  class space    used 8248K, committed 8960K, reserved 1048576K
}
Event: 104964.462 GC heap after
{Heap after GC invocations=10456 (full 12):
 PSYoungGen      total 3584K, used 704K [0x00000000d5580000, 0x00000000d5f80000, 0x0000000100000000)
  eden space 2560K, 0% used [0x00000000d5580000,0x00000000d5580000,0x00000000d5800000)
  from space 1024K, 68% used [0x00000000d5800000,0x00000000d58b0000,0x00000000d5900000)
  to   space 3072K, 0% used [0x00000000d5c80000,0x00000000d5c80000,0x00000000d5f80000)
 ParOldGen       total 1395712K, used 1395205K [0x0000000080000000, 0x00000000d5300000, 0x00000000d5580000)
  object space 1395712K, 99% used [0x0000000080000000,0x00000000d5281628,0x00000000d5300000)
 Metaspace       used 88053K, committed 89536K, reserved 1179648K
  class space    used 8248K, committed 8960K, reserved 1048576K
}
Event: 104964.466 GC heap before
{Heap before GC invocations=10457 (full 12):
 PSYoungGen      total 3584K, used 3264K [0x00000000d5580000, 0x00000000d5f80000, 0x0000000100000000)
  eden space 2560K, 100% used [0x00000000d5580000,0x00000000d5800000,0x00000000d5800000)
  from space 1024K, 68% used [0x00000000d5800000,0x00000000d58b0000,0x00000000d5900000)
  to   space 3072K, 0% used [0x00000000d5c80000,0x00000000d5c80000,0x00000000d5f80000)
 ParOldGen       total 1395712K, used 1395205K [0x0000000080000000, 0x00000000d5300000, 0x00000000d5580000)
  object space 1395712K, 99% used [0x0000000080000000,0x00000000d5281628,0x00000000d5300000)
 Metaspace       used 88053K, committed 89536K, reserved 1179648K
  class space    used 8248K, committed 8960K, reserved 1048576K
}
Event: 104964.469 GC heap after
{Heap after GC invocations=10457 (full 12):
 PSYoungGen      total 3584K, used 128K [0x00000000d5580000, 0x00000000d5d00000, 0x0000000100000000)
  eden space 3072K, 0% used [0x00000000d5580000,0x00000000d5580000,0x00000000d5880000)
  from space 512K, 25% used [0x00000000d5c80000,0x00000000d5ca0000,0x00000000d5d00000)
  to   space 1024K, 0% used [0x00000000d5b00000,0x00000000d5b00000,0x00000000d5c00000)
 ParOldGen       total 1395712K, used 1395641K [0x0000000080000000, 0x00000000d5300000, 0x00000000d5580000)
  object space 1395712K, 99% used [0x0000000080000000,0x00000000d52ee4f8,0x00000000d5300000)
 Metaspace       used 88053K, committed 89536K, reserved 1179648K
  class space    used 8248K, committed 8960K, reserved 1048576K
}
Event: 104964.473 GC heap before
{Heap before GC invocations=10458 (full 12):
 PSYoungGen      total 3584K, used 3200K [0x00000000d5580000, 0x00000000d5d00000, 0x0000000100000000)
  eden space 3072K, 100% used [0x00000000d5580000,0x00000000d5880000,0x00000000d5880000)
  from space 512K, 25% used [0x00000000d5c80000,0x00000000d5ca0000,0x00000000d5d00000)
  to   space 1024K, 0% used [0x00000000d5b00000,0x00000000d5b00000,0x00000000d5c00000)
 ParOldGen       total 1395712K, used 1395641K [0x0000000080000000, 0x00000000d5300000, 0x00000000d5580000)
  object space 1395712K, 99% used [0x0000000080000000,0x00000000d52ee4f8,0x00000000d5300000)
 Metaspace       used 88053K, committed 89536K, reserved 1179648K
  class space    used 8248K, committed 8960K, reserved 1048576K
}
Event: 104964.475 GC heap after
{Heap after GC invocations=10458 (full 12):
 PSYoungGen      total 5120K, used 384K [0x00000000d5580000, 0x00000000d5d00000, 0x0000000100000000)
  eden space 4096K, 0% used [0x00000000d5580000,0x00000000d5580000,0x00000000d5980000)
  from space 1024K, 37% used [0x00000000d5b00000,0x00000000d5b60000,0x00000000d5c00000)
  to   space 512K, 0% used [0x00000000d5c80000,0x00000000d5c80000,0x00000000d5d00000)
 ParOldGen       total 1396224K, used 1395745K [0x0000000080000000, 0x00000000d5380000, 0x00000000d5580000)
  object space 1396224K, 99% used [0x0000000080000000,0x00000000d5308518,0x00000000d5380000)
 Metaspace       used 88053K, committed 89536K, reserved 1179648K
  class space    used 8248K, committed 8960K, reserved 1048576K
}
Event: 104964.481 GC heap before
{Heap before GC invocations=10459 (full 12):
 PSYoungGen      total 5120K, used 4480K [0x00000000d5580000, 0x00000000d5d00000, 0x0000000100000000)
  eden space 4096K, 100% used [0x00000000d5580000,0x00000000d5980000,0x00000000d5980000)
  from space 1024K, 37% used [0x00000000d5b00000,0x00000000d5b60000,0x00000000d5c00000)
  to   space 512K, 0% used [0x00000000d5c80000,0x00000000d5c80000,0x00000000d5d00000)
 ParOldGen       total 1396224K, used 1395745K [0x0000000080000000, 0x00000000d5380000, 0x00000000d5580000)
  object space 1396224K, 99% used [0x0000000080000000,0x00000000d5308518,0x00000000d5380000)
 Metaspace       used 88053K, committed 89536K, reserved 1179648K
  class space    used 8248K, committed 8960K, reserved 1048576K
}
Event: 104964.484 GC heap after
{Heap after GC invocations=10459 (full 12):
 PSYoungGen      total 5632K, used 448K [0x00000000d5580000, 0x00000000d5d00000, 0x0000000100000000)
  eden space 5120K, 0% used [0x00000000d5580000,0x00000000d5580000,0x00000000d5a80000)
  from space 512K, 87% used [0x00000000d5c80000,0x00000000d5cf0000,0x00000000d5d00000)
  to   space 512K, 0% used [0x00000000d5c00000,0x00000000d5c00000,0x00000000d5c80000)
 ParOldGen       total 1396224K, used 1395953K [0x0000000080000000, 0x00000000d5380000, 0x00000000d5580000)
  object space 1396224K, 99% used [0x0000000080000000,0x00000000d533c518,0x00000000d5380000)
 Metaspace       used 88053K, committed 89536K, reserved 1179648K
  class space    used 8248K, committed 8960K, reserved 1048576K
}
Event: 104964.489 GC heap before
{Heap before GC invocations=10460 (full 12):
 PSYoungGen      total 5632K, used 5568K [0x00000000d5580000, 0x00000000d5d00000, 0x0000000100000000)
  eden space 5120K, 100% used [0x00000000d5580000,0x00000000d5a80000,0x00000000d5a80000)
  from space 512K, 87% used [0x00000000d5c80000,0x00000000d5cf0000,0x00000000d5d00000)
  to   space 512K, 0% used [0x00000000d5c00000,0x00000000d5c00000,0x00000000d5c80000)
 ParOldGen       total 1396224K, used 1395953K [0x0000000080000000, 0x00000000d5380000, 0x00000000d5580000)
  object space 1396224K, 99% used [0x0000000080000000,0x00000000d533c518,0x00000000d5380000)
 Metaspace       used 88053K, committed 89536K, reserved 1179648K
  class space    used 8248K, committed 8960K, reserved 1048576K
}
Event: 104964.492 GC heap after
{Heap after GC invocations=10460 (full 12):
 PSYoungGen      total 6656K, used 464K [0x00000000d5580000, 0x00000000d5d00000, 0x0000000100000000)
  eden space 6144K, 0% used [0x00000000d5580000,0x00000000d5580000,0x00000000d5b80000)
  from space 512K, 90% used [0x00000000d5c00000,0x00000000d5c74010,0x00000000d5c80000)
  to   space 512K, 0% used [0x00000000d5c80000,0x00000000d5c80000,0x00000000d5d00000)
 ParOldGen       total 1396736K, used 1396303K [0x0000000080000000, 0x00000000d5400000, 0x00000000d5580000)
  object space 1396736K, 99% used [0x0000000080000000,0x00000000d5393c78,0x00000000d5400000)
 Metaspace       used 88053K, committed 89536K, reserved 1179648K
  class space    used 8248K, committed 8960K, reserved 1048576K
}
Event: 104964.500 GC heap before
{Heap before GC invocations=10461 (full 12):
 PSYoungGen      total 6656K, used 6608K [0x00000000d5580000, 0x00000000d5d00000, 0x0000000100000000)
  eden space 6144K, 100% used [0x00000000d5580000,0x00000000d5b80000,0x00000000d5b80000)
  from space 512K, 90% used [0x00000000d5c00000,0x00000000d5c74010,0x00000000d5c80000)
  to   space 512K, 0% used [0x00000000d5c80000,0x00000000d5c80000,0x00000000d5d00000)
 ParOldGen       total 1396736K, used 1396303K [0x0000000080000000, 0x00000000d5400000, 0x00000000d5580000)
  object space 1396736K, 99% used [0x0000000080000000,0x00000000d5393c78,0x00000000d5400000)
 Metaspace       used 88053K, committed 89536K, reserved 1179648K
  class space    used 8248K, committed 8960K, reserved 1048576K
}
Event: 104964.503 GC heap after
{Heap after GC invocations=10461 (full 12):
 PSYoungGen      total 6656K, used 512K [0x00000000d5580000, 0x00000000d5f00000, 0x0000000100000000)
  eden space 6144K, 0% used [0x00000000d5580000,0x00000000d5580000,0x00000000d5b80000)
  from space 512K, 100% used [0x00000000d5c80000,0x00000000d5d00000,0x00000000d5d00000)
  to   space 1024K, 0% used [0x00000000d5b80000,0x00000000d5b80000,0x00000000d5c80000)
 ParOldGen       total 1396736K, used 1396663K [0x0000000080000000, 0x00000000d5400000, 0x00000000d5580000)
  object space 1396736K, 99% used [0x0000000080000000,0x00000000d53edca8,0x00000000d5400000)
 Metaspace       used 88053K, committed 89536K, reserved 1179648K
  class space    used 8248K, committed 8960K, reserved 1048576K
}
Event: 104964.514 GC heap before
{Heap before GC invocations=10462 (full 12):
 PSYoungGen      total 6656K, used 6656K [0x00000000d5580000, 0x00000000d5f00000, 0x0000000100000000)
  eden space 6144K, 100% used [0x00000000d5580000,0x00000000d5b80000,0x00000000d5b80000)
  from space 512K, 100% used [0x00000000d5c80000,0x00000000d5d00000,0x00000000d5d00000)
  to   space 1024K, 0% used [0x00000000d5b80000,0x00000000d5b80000,0x00000000d5c80000)
 ParOldGen       total 1396736K, used 1396663K [0x0000000080000000, 0x00000000d5400000, 0x00000000d5580000)
  object space 1396736K, 99% used [0x0000000080000000,0x00000000d53edca8,0x00000000d5400000)
 Metaspace       used 88053K, committed 89536K, reserved 1179648K
  class space    used 8248K, committed 8960K, reserved 1048576K
}
Event: 104964.518 GC heap after
{Heap after GC invocations=10462 (full 12):
 PSYoungGen      total 7168K, used 640K [0x00000000d5580000, 0x00000000d5f00000, 0x0000000100000000)
  eden space 6144K, 0% used [0x00000000d5580000,0x00000000d5580000,0x00000000d5b80000)
  from space 1024K, 62% used [0x00000000d5b80000,0x00000000d5c20000,0x00000000d5c80000)
  to   space 1024K, 0% used [0x00000000d5e00000,0x00000000d5e00000,0x00000000d5f00000)
 ParOldGen       total 1397248K, used 1397075K [0x0000000080000000, 0x00000000d5480000, 0x00000000d5580000)
  object space 1397248K, 99% used [0x0000000080000000,0x00000000d5454cf8,0x00000000d5480000)
 Metaspace       used 88053K, committed 89536K, reserved 1179648K
  class space    used 8248K, committed 8960K, reserved 1048576K
}
Event: 104964.540 GC heap before
{Heap before GC invocations=10463 (full 12):
 PSYoungGen      total 7168K, used 6784K [0x00000000d5580000, 0x00000000d5f00000, 0x0000000100000000)
  eden space 6144K, 100% used [0x00000000d5580000,0x00000000d5b80000,0x00000000d5b80000)
  from space 1024K, 62% used [0x00000000d5b80000,0x00000000d5c20000,0x00000000d5c80000)
  to   space 1024K, 0% used [0x00000000d5e00000,0x00000000d5e00000,0x00000000d5f00000)
 ParOldGen       total 1397248K, used 1397075K [0x0000000080000000, 0x00000000d5480000, 0x00000000d5580000)
  object space 1397248K, 99% used [0x0000000080000000,0x00000000d5454cf8,0x00000000d5480000)
 Metaspace       used 88053K, committed 89536K, reserved 1179648K
  class space    used 8248K, committed 8960K, reserved 1048576K
}
Event: 104964.544 GC heap after
{Heap after GC invocations=10463 (full 12):
 PSYoungGen      total 7680K, used 1013K [0x00000000d5580000, 0x00000000d6100000, 0x0000000100000000)
  eden space 6656K, 0% used [0x00000000d5580000,0x00000000d5580000,0x00000000d5c00000)
  from space 1024K, 99% used [0x00000000d5e00000,0x00000000d5efd7b8,0x00000000d5f00000)
  to   space 2048K, 0% used [0x00000000d5c00000,0x00000000d5c00000,0x00000000d5e00000)
 ParOldGen       total 1398272K, used 1397895K [0x0000000080000000, 0x00000000d5580000, 0x00000000d5580000)
  object space 1398272K, 99% used [0x0000000080000000,0x00000000d5521c28,0x00000000d5580000)
 Metaspace       used 88053K, committed 89536K, reserved 1179648K
  class space    used 8248K, committed 8960K, reserved 1048576K
}
Event: 104964.570 GC heap before
{Heap before GC invocations=10464 (full 13):
 PSYoungGen      total 7680K, used 7669K [0x00000000d5580000, 0x00000000d6100000, 0x0000000100000000)
  eden space 6656K, 100% used [0x00000000d5580000,0x00000000d5c00000,0x00000000d5c00000)
  from space 1024K, 99% used [0x00000000d5e00000,0x00000000d5efd7b8,0x00000000d5f00000)
  to   space 2048K, 0% used [0x00000000d5c00000,0x00000000d5c00000,0x00000000d5e00000)
 ParOldGen       total 1398272K, used 1397895K [0x0000000080000000, 0x00000000d5580000, 0x00000000d5580000)
  object space 1398272K, 99% used [0x0000000080000000,0x00000000d5521c28,0x00000000d5580000)
 Metaspace       used 88053K, committed 89536K, reserved 1179648K
  class space    used 8248K, committed 8960K, reserved 1048576K
}

