# JRE version: OpenJDK Runtime Environment Temurin-21.0.10+7 (21.0.10+7) (build 21.0.10+7-LTS)
# Java VM: OpenJDK 64-Bit Server VM Temurin-21.0.10+7 (21.0.10+7-LTS, mixed mode, sharing, tiered, compressed oops, compressed class ptrs, parallel gc, windows-amd64)
GC Precious Log:
 CardTable entry size: 512
 CPUs: 16 total, 16 available
 Memory: 32454M
 Large Page Support: Disabled
 NUMA Support: Disabled
 Compressed Oops: Enabled (32-bit)
 Alignments: Space 512K, Generation 512K, Heap 2M
 Heap Min Capacity: 100M
 Heap Initial Capacity: 100M
 Heap Max Capacity: 2G
 Pre-touch: Disabled
 Parallel Workers: 13
Heap:
 PSYoungGen      total 9728K, used 5966K [0x00000000d5580000, 0x00000000d6080000, 0x0000000100000000)
  eden space 8704K, 58% used [0x00000000d5580000,0x00000000d5a83a80,0x00000000d5e00000)
  from space 1024K, 81% used [0x00000000d5f80000,0x00000000d6050020,0x00000000d6080000)
  to   space 1024K, 0% used [0x00000000d5e80000,0x00000000d5e80000,0x00000000d5f80000)
 ParOldGen       total 956928K, used 956877K [0x0000000080000000, 0x00000000ba680000, 0x00000000d5580000)
  object space 956928K, 99% used [0x0000000080000000,0x00000000ba673628,0x00000000ba680000)
 Metaspace       used 84678K, committed 86592K, reserved 1179648K
  class space    used 8367K, committed 9280K, reserved 1048576K
GC Heap History (20 events):
Event: 4935.860 GC heap before
{Heap before GC invocations=2921 (full 5):
 PSYoungGen      total 10240K, used 10096K [0x00000000d5580000, 0x00000000d6100000, 0x0000000100000000)
  eden space 9728K, 100% used [0x00000000d5580000,0x00000000d5f00000,0x00000000d5f00000)
  from space 512K, 71% used [0x00000000d6080000,0x00000000d60dc0b0,0x00000000d6100000)
  to   space 1024K, 0% used [0x00000000d5f00000,0x00000000d5f00000,0x00000000d6000000)
 ParOldGen       total 951296K, used 951065K [0x0000000080000000, 0x00000000ba100000, 0x00000000d5580000)
  object space 951296K, 99% used [0x0000000080000000,0x00000000ba0c6768,0x00000000ba100000)
 Metaspace       used 84234K, committed 86080K, reserved 1179648K
  class space    used 8294K, committed 9152K, reserved 1048576K
}
Event: 4935.862 GC heap after
{Heap after GC invocations=2921 (full 5):
 PSYoungGen      total 10752K, used 707K [0x00000000d5580000, 0x00000000d6100000, 0x0000000100000000)
  eden space 9728K, 0% used [0x00000000d5580000,0x00000000d5580000,0x00000000d5f00000)
  from space 1024K, 69% used [0x00000000d5f00000,0x00000000d5fb0e00,0x00000000d6000000)
  to   space 1024K, 0% used [0x00000000d6000000,0x00000000d6000000,0x00000000d6100000)
 ParOldGen       total 951296K, used 951200K [0x0000000080000000, 0x00000000ba100000, 0x00000000d5580000)
  object space 951296K, 99% used [0x0000000080000000,0x00000000ba0e8110,0x00000000ba100000)
 Metaspace       used 84234K, committed 86080K, reserved 1179648K
  class space    used 8294K, committed 9152K, reserved 1048576K
}
Event: 4935.869 GC heap before
{Heap before GC invocations=2922 (full 5):
 PSYoungGen      total 10752K, used 10435K [0x00000000d5580000, 0x00000000d6100000, 0x0000000100000000)
  eden space 9728K, 100% used [0x00000000d5580000,0x00000000d5f00000,0x00000000d5f00000)
  from space 1024K, 69% used [0x00000000d5f00000,0x00000000d5fb0e00,0x00000000d6000000)
  to   space 1024K, 0% used [0x00000000d6000000,0x00000000d6000000,0x00000000d6100000)
 ParOldGen       total 951296K, used 951200K [0x0000000080000000, 0x00000000ba100000, 0x00000000d5580000)
  object space 951296K, 99% used [0x0000000080000000,0x00000000ba0e8110,0x00000000ba100000)
 Metaspace       used 84235K, committed 86080K, reserved 1179648K
  class space    used 8294K, committed 9152K, reserved 1048576K
}
Event: 4935.871 GC heap after
{Heap after GC invocations=2922 (full 5):
 PSYoungGen      total 9728K, used 1018K [0x00000000d5580000, 0x00000000d6300000, 0x0000000100000000)
  eden space 8704K, 0% used [0x00000000d5580000,0x00000000d5580000,0x00000000d5e00000)
  from space 1024K, 99% used [0x00000000d6000000,0x00000000d60fe880,0x00000000d6100000)
  to   space 2048K, 0% used [0x00000000d5e00000,0x00000000d5e00000,0x00000000d6000000)
 ParOldGen       total 951808K, used 951720K [0x0000000080000000, 0x00000000ba180000, 0x00000000d5580000)
  object space 951808K, 99% used [0x0000000080000000,0x00000000ba16a340,0x00000000ba180000)
 Metaspace       used 84235K, committed 86080K, reserved 1179648K
  class space    used 8294K, committed 9152K, reserved 1048576K
}
Event: 4935.880 GC heap before
{Heap before GC invocations=2923 (full 5):
 PSYoungGen      total 9728K, used 9722K [0x00000000d5580000, 0x00000000d6300000, 0x0000000100000000)
  eden space 8704K, 100% used [0x00000000d5580000,0x00000000d5e00000,0x00000000d5e00000)
  from space 1024K, 99% used [0x00000000d6000000,0x00000000d60fe880,0x00000000d6100000)
  to   space 2048K, 0% used [0x00000000d5e00000,0x00000000d5e00000,0x00000000d6000000)
 ParOldGen       total 951808K, used 951720K [0x0000000080000000, 0x00000000ba180000, 0x00000000d5580000)
  object space 951808K, 99% used [0x0000000080000000,0x00000000ba16a340,0x00000000ba180000)
 Metaspace       used 84235K, committed 86080K, reserved 1179648K
  class space    used 8294K, committed 9152K, reserved 1048576K
}
Event: 4935.881 GC heap after
{Heap after GC invocations=2923 (full 5):
 PSYoungGen      total 9216K, used 384K [0x00000000d5580000, 0x00000000d6080000, 0x0000000100000000)
  eden space 8704K, 0% used [0x00000000d5580000,0x00000000d5580000,0x00000000d5e00000)
  from space 512K, 75% used [0x00000000d5e00000,0x00000000d5e60000,0x00000000d5e80000)
  to   space 1024K, 0% used [0x00000000d5f80000,0x00000000d5f80000,0x00000000d6080000)
 ParOldGen       total 952832K, used 952563K [0x0000000080000000, 0x00000000ba280000, 0x00000000d5580000)
  object space 952832K, 99% used [0x0000000080000000,0x00000000ba23cca0,0x00000000ba280000)
 Metaspace       used 84235K, committed 86080K, reserved 1179648K
  class space    used 8294K, committed 9152K, reserved 1048576K
}
Event: 4935.894 GC heap before
{Heap before GC invocations=2924 (full 5):
 PSYoungGen      total 9216K, used 9088K [0x00000000d5580000, 0x00000000d6080000, 0x0000000100000000)
  eden space 8704K, 100% used [0x00000000d5580000,0x00000000d5e00000,0x00000000d5e00000)
  from space 512K, 75% used [0x00000000d5e00000,0x00000000d5e60000,0x00000000d5e80000)
  to   space 1024K, 0% used [0x00000000d5f80000,0x00000000d5f80000,0x00000000d6080000)
 ParOldGen       total 952832K, used 952563K [0x0000000080000000, 0x00000000ba280000, 0x00000000d5580000)
  object space 952832K, 99% used [0x0000000080000000,0x00000000ba23cca0,0x00000000ba280000)
 Metaspace       used 84235K, committed 86080K, reserved 1179648K
  class space    used 8294K, committed 9152K, reserved 1048576K
}
Event: 4935.895 GC heap after
{Heap after GC invocations=2924 (full 5):
 PSYoungGen      total 9216K, used 288K [0x00000000d5580000, 0x00000000d6000000, 0x0000000100000000)
  eden space 8704K, 0% used [0x00000000d5580000,0x00000000d5580000,0x00000000d5e00000)
  from space 512K, 56% used [0x00000000d5f80000,0x00000000d5fc8000,0x00000000d6000000)
  to   space 512K, 0% used [0x00000000d5e00000,0x00000000d5e00000,0x00000000d5e80000)
 ParOldGen       total 952832K, used 952667K [0x0000000080000000, 0x00000000ba280000, 0x00000000d5580000)
  object space 952832K, 99% used [0x0000000080000000,0x00000000ba256ee0,0x00000000ba280000)
 Metaspace       used 84235K, committed 86080K, reserved 1179648K
  class space    used 8294K, committed 9152K, reserved 1048576K
}
Event: 4935.918 GC heap before
{Heap before GC invocations=2925 (full 5):
 PSYoungGen      total 9216K, used 8992K [0x00000000d5580000, 0x00000000d6000000, 0x0000000100000000)
  eden space 8704K, 100% used [0x00000000d5580000,0x00000000d5e00000,0x00000000d5e00000)
  from space 512K, 56% used [0x00000000d5f80000,0x00000000d5fc8000,0x00000000d6000000)
  to   space 512K, 0% used [0x00000000d5e00000,0x00000000d5e00000,0x00000000d5e80000)
 ParOldGen       total 952832K, used 952667K [0x0000000080000000, 0x00000000ba280000, 0x00000000d5580000)
  object space 952832K, 99% used [0x0000000080000000,0x00000000ba256ee0,0x00000000ba280000)
 Metaspace       used 84235K, committed 86080K, reserved 1179648K
  class space    used 8294K, committed 9152K, reserved 1048576K
}
Event: 4935.919 GC heap after
{Heap after GC invocations=2925 (full 5):
 PSYoungGen      total 9216K, used 482K [0x00000000d5580000, 0x00000000d6100000, 0x0000000100000000)
  eden space 8704K, 0% used [0x00000000d5580000,0x00000000d5580000,0x00000000d5e00000)
  from space 512K, 94% used [0x00000000d5e00000,0x00000000d5e78b70,0x00000000d5e80000)
  to   space 1536K, 0% used [0x00000000d5f80000,0x00000000d5f80000,0x00000000d6100000)
 ParOldGen       total 953344K, used 953139K [0x0000000080000000, 0x00000000ba300000, 0x00000000d5580000)
  object space 953344K, 99% used [0x0000000080000000,0x00000000ba2ccf10,0x00000000ba300000)
 Metaspace       used 84235K, committed 86080K, reserved 1179648K
  class space    used 8294K, committed 9152K, reserved 1048576K
}
Event: 4935.932 GC heap before
{Heap before GC invocations=2926 (full 5):
 PSYoungGen      total 9216K, used 9186K [0x00000000d5580000, 0x00000000d6100000, 0x0000000100000000)
  eden space 8704K, 100% used [0x00000000d5580000,0x00000000d5e00000,0x00000000d5e00000)
  from space 512K, 94% used [0x00000000d5e00000,0x00000000d5e78b70,0x00000000d5e80000)
  to   space 1536K, 0% used [0x00000000d5f80000,0x00000000d5f80000,0x00000000d6100000)
 ParOldGen       total 953344K, used 953139K [0x0000000080000000, 0x00000000ba300000, 0x00000000d5580000)
  object space 953344K, 99% used [0x0000000080000000,0x00000000ba2ccf10,0x00000000ba300000)
 Metaspace       used 84236K, committed 86080K, reserved 1179648K
  class space    used 8294K, committed 9152K, reserved 1048576K
}
Event: 4935.934 GC heap after
{Heap after GC invocations=2926 (full 5):
 PSYoungGen      total 9728K, used 960K [0x00000000d5580000, 0x00000000d6080000, 0x0000000100000000)
  eden space 8704K, 0% used [0x00000000d5580000,0x00000000d5580000,0x00000000d5e00000)
  from space 1024K, 93% used [0x00000000d5f80000,0x00000000d6070020,0x00000000d6080000)
  to   space 1024K, 0% used [0x00000000d5e80000,0x00000000d5e80000,0x00000000d5f80000)
 ParOldGen       total 953856K, used 953648K [0x0000000080000000, 0x00000000ba380000, 0x00000000d5580000)
  object space 953856K, 99% used [0x0000000080000000,0x00000000ba34c258,0x00000000ba380000)
 Metaspace       used 84236K, committed 86080K, reserved 1179648K
  class space    used 8294K, committed 9152K, reserved 1048576K
}
Event: 4935.946 GC heap before
{Heap before GC invocations=2927 (full 5):
 PSYoungGen      total 9728K, used 9664K [0x00000000d5580000, 0x00000000d6080000, 0x0000000100000000)
  eden space 8704K, 100% used [0x00000000d5580000,0x00000000d5e00000,0x00000000d5e00000)
  from space 1024K, 93% used [0x00000000d5f80000,0x00000000d6070020,0x00000000d6080000)
  to   space 1024K, 0% used [0x00000000d5e80000,0x00000000d5e80000,0x00000000d5f80000)
 ParOldGen       total 953856K, used 953648K [0x0000000080000000, 0x00000000ba380000, 0x00000000d5580000)
  object space 953856K, 99% used [0x0000000080000000,0x00000000ba34c258,0x00000000ba380000)
 Metaspace       used 84236K, committed 86080K, reserved 1179648K
  class space    used 8294K, committed 9152K, reserved 1048576K
}
Event: 4935.947 GC heap after
{Heap after GC invocations=2927 (full 5):
 PSYoungGen      total 9728K, used 1012K [0x00000000d5580000, 0x00000000d6200000, 0x0000000100000000)
  eden space 8704K, 0% used [0x00000000d5580000,0x00000000d5580000,0x00000000d5e00000)
  from space 1024K, 98% used [0x00000000d5e80000,0x00000000d5f7d200,0x00000000d5f80000)
  to   space 2048K, 0% used [0x00000000d6000000,0x00000000d6000000,0x00000000d6200000)
 ParOldGen       total 954880K, used 954481K [0x0000000080000000, 0x00000000ba480000, 0x00000000d5580000)
  object space 954880K, 99% used [0x0000000080000000,0x00000000ba41c498,0x00000000ba480000)
 Metaspace       used 84236K, committed 86080K, reserved 1179648K
  class space    used 8294K, committed 9152K, reserved 1048576K
}
Event: 4936.469 GC heap before
{Heap before GC invocations=2928 (full 5):
 PSYoungGen      total 9728K, used 9716K [0x00000000d5580000, 0x00000000d6200000, 0x0000000100000000)
  eden space 8704K, 100% used [0x00000000d5580000,0x00000000d5e00000,0x00000000d5e00000)
  from space 1024K, 98% used [0x00000000d5e80000,0x00000000d5f7d200,0x00000000d5f80000)
  to   space 2048K, 0% used [0x00000000d6000000,0x00000000d6000000,0x00000000d6200000)
 ParOldGen       total 954880K, used 954481K [0x0000000080000000, 0x00000000ba480000, 0x00000000d5580000)
  object space 954880K, 99% used [0x0000000080000000,0x00000000ba41c498,0x00000000ba480000)
 Metaspace       used 84236K, committed 86080K, reserved 1179648K
  class space    used 8294K, committed 9152K, reserved 1048576K
}
Event: 4936.471 GC heap after
{Heap after GC invocations=2928 (full 5):
 PSYoungGen      total 9728K, used 720K [0x00000000d5580000, 0x00000000d6100000, 0x0000000100000000)
  eden space 8704K, 0% used [0x00000000d5580000,0x00000000d5580000,0x00000000d5e00000)
  from space 1024K, 70% used [0x00000000d6000000,0x00000000d60b4010,0x00000000d6100000)
  to   space 1536K, 0% used [0x00000000d5e00000,0x00000000d5e00000,0x00000000d5f80000)
 ParOldGen       total 955392K, used 955387K [0x0000000080000000, 0x00000000ba500000, 0x00000000d5580000)
  object space 955392K, 99% used [0x0000000080000000,0x00000000ba4fec58,0x00000000ba500000)
 Metaspace       used 84236K, committed 86080K, reserved 1179648K
  class space    used 8294K, committed 9152K, reserved 1048576K
}
Event: 4936.485 GC heap before
{Heap before GC invocations=2929 (full 5):
 PSYoungGen      total 9728K, used 9424K [0x00000000d5580000, 0x00000000d6100000, 0x0000000100000000)
  eden space 8704K, 100% used [0x00000000d5580000,0x00000000d5e00000,0x00000000d5e00000)
  from space 1024K, 70% used [0x00000000d6000000,0x00000000d60b4010,0x00000000d6100000)
  to   space 1536K, 0% used [0x00000000d5e00000,0x00000000d5e00000,0x00000000d5f80000)
 ParOldGen       total 955392K, used 955387K [0x0000000080000000, 0x00000000ba500000, 0x00000000d5580000)
  object space 955392K, 99% used [0x0000000080000000,0x00000000ba4fec58,0x00000000ba500000)
 Metaspace       used 84236K, committed 86080K, reserved 1179648K
  class space    used 8294K, committed 9152K, reserved 1048576K
}
Event: 4936.487 GC heap after
{Heap after GC invocations=2929 (full 5):
 PSYoungGen      total 10240K, used 1065K [0x00000000d5580000, 0x00000000d6100000, 0x0000000100000000)
  eden space 8704K, 0% used [0x00000000d5580000,0x00000000d5580000,0x00000000d5e00000)
  from space 1536K, 69% used [0x00000000d5e00000,0x00000000d5f0a400,0x00000000d5f80000)
  to   space 1536K, 0% used [0x00000000d5f80000,0x00000000d5f80000,0x00000000d6100000)
 ParOldGen       total 956416K, used 955966K [0x0000000080000000, 0x00000000ba600000, 0x00000000d5580000)
  object space 956416K, 99% used [0x0000000080000000,0x00000000ba58fb10,0x00000000ba600000)
 Metaspace       used 84236K, committed 86080K, reserved 1179648K
  class space    used 8294K, committed 9152K, reserved 1048576K
}
Event: 4936.495 GC heap before
{Heap before GC invocations=2930 (full 5):
 PSYoungGen      total 10240K, used 9769K [0x00000000d5580000, 0x00000000d6100000, 0x0000000100000000)
  eden space 8704K, 100% used [0x00000000d5580000,0x00000000d5e00000,0x00000000d5e00000)
  from space 1536K, 69% used [0x00000000d5e00000,0x00000000d5f0a400,0x00000000d5f80000)
  to   space 1536K, 0% used [0x00000000d5f80000,0x00000000d5f80000,0x00000000d6100000)
 ParOldGen       total 956416K, used 955966K [0x0000000080000000, 0x00000000ba600000, 0x00000000d5580000)
  object space 956416K, 99% used [0x0000000080000000,0x00000000ba58fb10,0x00000000ba600000)
 Metaspace       used 84236K, committed 86080K, reserved 1179648K
  class space    used 8294K, committed 9152K, reserved 1048576K
}
Event: 4936.497 GC heap after
{Heap after GC invocations=2930 (full 5):
 PSYoungGen      total 9728K, used 832K [0x00000000d5580000, 0x00000000d6080000, 0x0000000100000000)
  eden space 8704K, 0% used [0x00000000d5580000,0x00000000d5580000,0x00000000d5e00000)
  from space 1024K, 81% used [0x00000000d5f80000,0x00000000d6050020,0x00000000d6080000)
  to   space 1024K, 0% used [0x00000000d5e80000,0x00000000d5e80000,0x00000000d5f80000)
 ParOldGen       total 956928K, used 956877K [0x0000000080000000, 0x00000000ba680000, 0x00000000d5580000)
  object space 956928K, 99% used [0x0000000080000000,0x00000000ba673628,0x00000000ba680000)
 Metaspace       used 84236K, committed 86080K, reserved 1179648K
  class space    used 8294K, committed 9152K, reserved 1048576K
}

