# JRE version: OpenJDK Runtime Environment Temurin-21.0.10+7 (21.0.10+7) (build 21.0.10+7-LTS)
# Java VM: OpenJDK 64-Bit Server VM Temurin-21.0.10+7 (21.0.10+7-LTS, mixed mode, sharing, tiered, compressed oops, compressed class ptrs, parallel gc, windows-amd64)
GC Precious Log:
 CardTable entry size: 512
 CPUs: 16 total, 16 available
 Memory: 32454M
 Large Page Support: Disabled
 NUMA Support: Disabled
 Compressed Oops: Enabled (32-bit)
 Alignments: Space 512K, Generation 512K, Heap 2M
 Heap Min Capacity: 100M
 Heap Initial Capacity: 100M
 Heap Max Capacity: 2G
 Pre-touch: Disabled
 Parallel Workers: 13
Heap:
 PSYoungGen      total 7168K, used 7152K [0x00000000d5580000, 0x00000000d6280000, 0x0000000100000000)
  eden space 5120K, 100% used [0x00000000d5580000,0x00000000d5a80000,0x00000000d5a80000)
  from space 2048K, 99% used [0x00000000d5a80000,0x00000000d5c7c010,0x00000000d5c80000)
  to   space 4096K, 0% used [0x00000000d5e80000,0x00000000d5e80000,0x00000000d6280000)
 ParOldGen       total 1397248K, used 1396936K [0x0000000080000000, 0x00000000d5480000, 0x00000000d5580000)
  object space 1397248K, 99% used [0x0000000080000000,0x00000000d5432180,0x00000000d5480000)
 Metaspace       used 90505K, committed 92416K, reserved 1179648K
  class space    used 8670K, committed 9664K, reserved 1048576K
GC Heap History (20 events):
Event: 6217.121 GC heap after
{Heap after GC invocations=6491 (full 9):
 PSYoungGen      total 5120K, used 352K [0x00000000d5580000, 0x00000000d5b80000, 0x0000000100000000)
  eden space 4608K, 0% used [0x00000000d5580000,0x00000000d5580000,0x00000000d5a00000)
  from space 512K, 68% used [0x00000000d5b00000,0x00000000d5b58000,0x00000000d5b80000)
  to   space 512K, 0% used [0x00000000d5a80000,0x00000000d5a80000,0x00000000d5b00000)
 ParOldGen       total 1389056K, used 1388824K [0x0000000080000000, 0x00000000d4c80000, 0x00000000d5580000)
  object space 1389056K, 99% used [0x0000000080000000,0x00000000d4c46118,0x00000000d4c80000)
 Metaspace       used 90503K, committed 92416K, reserved 1179648K
  class space    used 8670K, committed 9664K, reserved 1048576K
}
Event: 6217.125 GC heap before
{Heap before GC invocations=6492 (full 9):
 PSYoungGen      total 5120K, used 4959K [0x00000000d5580000, 0x00000000d5b80000, 0x0000000100000000)
  eden space 4608K, 99% used [0x00000000d5580000,0x00000000d59ffff0,0x00000000d5a00000)
  from space 512K, 68% used [0x00000000d5b00000,0x00000000d5b58000,0x00000000d5b80000)
  to   space 512K, 0% used [0x00000000d5a80000,0x00000000d5a80000,0x00000000d5b00000)
 ParOldGen       total 1389056K, used 1388824K [0x0000000080000000, 0x00000000d4c80000, 0x00000000d5580000)
  object space 1389056K, 99% used [0x0000000080000000,0x00000000d4c46118,0x00000000d4c80000)
 Metaspace       used 90503K, committed 92416K, reserved 1179648K
  class space    used 8670K, committed 9664K, reserved 1048576K
}
Event: 6217.127 GC heap after
{Heap after GC invocations=6492 (full 9):
 PSYoungGen      total 5120K, used 505K [0x00000000d5580000, 0x00000000d5c00000, 0x0000000100000000)
  eden space 4608K, 0% used [0x00000000d5580000,0x00000000d5580000,0x00000000d5a00000)
  from space 512K, 98% used [0x00000000d5a80000,0x00000000d5afe410,0x00000000d5b00000)
  to   space 1024K, 0% used [0x00000000d5b00000,0x00000000d5b00000,0x00000000d5c00000)
 ParOldGen       total 1389056K, used 1388960K [0x0000000080000000, 0x00000000d4c80000, 0x00000000d5580000)
  object space 1389056K, 99% used [0x0000000080000000,0x00000000d4c683b8,0x00000000d4c80000)
 Metaspace       used 90503K, committed 92416K, reserved 1179648K
  class space    used 8670K, committed 9664K, reserved 1048576K
}
Event: 6217.139 GC heap before
{Heap before GC invocations=6493 (full 9):
 PSYoungGen      total 5120K, used 5113K [0x00000000d5580000, 0x00000000d5c00000, 0x0000000100000000)
  eden space 4608K, 100% used [0x00000000d5580000,0x00000000d5a00000,0x00000000d5a00000)
  from space 512K, 98% used [0x00000000d5a80000,0x00000000d5afe410,0x00000000d5b00000)
  to   space 1024K, 0% used [0x00000000d5b00000,0x00000000d5b00000,0x00000000d5c00000)
 ParOldGen       total 1389056K, used 1388960K [0x0000000080000000, 0x00000000d4c80000, 0x00000000d5580000)
  object space 1389056K, 99% used [0x0000000080000000,0x00000000d4c683b8,0x00000000d4c80000)
 Metaspace       used 90503K, committed 92416K, reserved 1179648K
  class space    used 8670K, committed 9664K, reserved 1048576K
}
Event: 6217.141 GC heap after
{Heap after GC invocations=6493 (full 9):
 PSYoungGen      total 4608K, used 1006K [0x00000000d5580000, 0x00000000d5e00000, 0x0000000100000000)
  eden space 3584K, 0% used [0x00000000d5580000,0x00000000d5580000,0x00000000d5900000)
  from space 1024K, 98% used [0x00000000d5b00000,0x00000000d5bfbb40,0x00000000d5c00000)
  to   space 2048K, 0% used [0x00000000d5900000,0x00000000d5900000,0x00000000d5b00000)
 ParOldGen       total 1389568K, used 1389473K [0x0000000080000000, 0x00000000d4d00000, 0x00000000d5580000)
  object space 1389568K, 99% used [0x0000000080000000,0x00000000d4ce87c8,0x00000000d4d00000)
 Metaspace       used 90503K, committed 92416K, reserved 1179648K
  class space    used 8670K, committed 9664K, reserved 1048576K
}
Event: 6217.175 GC heap before
{Heap before GC invocations=6494 (full 9):
 PSYoungGen      total 4608K, used 4587K [0x00000000d5580000, 0x00000000d5e00000, 0x0000000100000000)
  eden space 3584K, 99% used [0x00000000d5580000,0x00000000d58ff228,0x00000000d5900000)
  from space 1024K, 98% used [0x00000000d5b00000,0x00000000d5bfbb40,0x00000000d5c00000)
  to   space 2048K, 0% used [0x00000000d5900000,0x00000000d5900000,0x00000000d5b00000)
 ParOldGen       total 1389568K, used 1389473K [0x0000000080000000, 0x00000000d4d00000, 0x00000000d5580000)
  object space 1389568K, 99% used [0x0000000080000000,0x00000000d4ce87c8,0x00000000d4d00000)
 Metaspace       used 90503K, committed 92416K, reserved 1179648K
  class space    used 8670K, committed 9664K, reserved 1048576K
}
Event: 6217.177 GC heap after
{Heap after GC invocations=6494 (full 9):
 PSYoungGen      total 4608K, used 608K [0x00000000d5580000, 0x00000000d5b80000, 0x0000000100000000)
  eden space 3584K, 0% used [0x00000000d5580000,0x00000000d5580000,0x00000000d5900000)
  from space 1024K, 59% used [0x00000000d5900000,0x00000000d5998000,0x00000000d5a00000)
  to   space 1024K, 0% used [0x00000000d5a80000,0x00000000d5a80000,0x00000000d5b80000)
 ParOldGen       total 1390592K, used 1390444K [0x0000000080000000, 0x00000000d4e00000, 0x00000000d5580000)
  object space 1390592K, 99% used [0x0000000080000000,0x00000000d4ddb098,0x00000000d4e00000)
 Metaspace       used 90503K, committed 92416K, reserved 1179648K
  class space    used 8670K, committed 9664K, reserved 1048576K
}
Event: 6217.182 GC heap before
{Heap before GC invocations=6495 (full 9):
 PSYoungGen      total 4608K, used 4192K [0x00000000d5580000, 0x00000000d5b80000, 0x0000000100000000)
  eden space 3584K, 100% used [0x00000000d5580000,0x00000000d5900000,0x00000000d5900000)
  from space 1024K, 59% used [0x00000000d5900000,0x00000000d5998000,0x00000000d5a00000)
  to   space 1024K, 0% used [0x00000000d5a80000,0x00000000d5a80000,0x00000000d5b80000)
 ParOldGen       total 1390592K, used 1390444K [0x0000000080000000, 0x00000000d4e00000, 0x00000000d5580000)
  object space 1390592K, 99% used [0x0000000080000000,0x00000000d4ddb098,0x00000000d4e00000)
 Metaspace       used 90503K, committed 92416K, reserved 1179648K
  class space    used 8670K, committed 9664K, reserved 1048576K
}
Event: 6217.183 GC heap after
{Heap after GC invocations=6495 (full 9):
 PSYoungGen      total 4608K, used 521K [0x00000000d5580000, 0x00000000d5b80000, 0x0000000100000000)
  eden space 3584K, 0% used [0x00000000d5580000,0x00000000d5580000,0x00000000d5900000)
  from space 1024K, 50% used [0x00000000d5a80000,0x00000000d5b02400,0x00000000d5b80000)
  to   space 1024K, 0% used [0x00000000d5900000,0x00000000d5900000,0x00000000d5a00000)
 ParOldGen       total 1391104K, used 1390604K [0x0000000080000000, 0x00000000d4e80000, 0x00000000d5580000)
  object space 1391104K, 99% used [0x0000000080000000,0x00000000d4e03098,0x00000000d4e80000)
 Metaspace       used 90503K, committed 92416K, reserved 1179648K
  class space    used 8670K, committed 9664K, reserved 1048576K
}
Event: 6217.186 GC heap before
{Heap before GC invocations=6496 (full 9):
 PSYoungGen      total 4608K, used 4105K [0x00000000d5580000, 0x00000000d5b80000, 0x0000000100000000)
  eden space 3584K, 100% used [0x00000000d5580000,0x00000000d5900000,0x00000000d5900000)
  from space 1024K, 50% used [0x00000000d5a80000,0x00000000d5b02400,0x00000000d5b80000)
  to   space 1024K, 0% used [0x00000000d5900000,0x00000000d5900000,0x00000000d5a00000)
 ParOldGen       total 1391104K, used 1390604K [0x0000000080000000, 0x00000000d4e80000, 0x00000000d5580000)
  object space 1391104K, 99% used [0x0000000080000000,0x00000000d4e03098,0x00000000d4e80000)
 Metaspace       used 90503K, committed 92416K, reserved 1179648K
  class space    used 8670K, committed 9664K, reserved 1048576K
}
Event: 6217.187 GC heap after
{Heap after GC invocations=6496 (full 9):
 PSYoungGen      total 4608K, used 608K [0x00000000d5580000, 0x00000000d5b00000, 0x0000000100000000)
  eden space 3584K, 0% used [0x00000000d5580000,0x00000000d5580000,0x00000000d5900000)
  from space 1024K, 59% used [0x00000000d5900000,0x00000000d5998000,0x00000000d5a00000)
  to   space 1024K, 0% used [0x00000000d5a00000,0x00000000d5a00000,0x00000000d5b00000)
 ParOldGen       total 1391104K, used 1390885K [0x0000000080000000, 0x00000000d4e80000, 0x00000000d5580000)
  object space 1391104K, 99% used [0x0000000080000000,0x00000000d4e494b8,0x00000000d4e80000)
 Metaspace       used 90503K, committed 92416K, reserved 1179648K
  class space    used 8670K, committed 9664K, reserved 1048576K
}
Event: 6217.188 GC heap before
{Heap before GC invocations=6497 (full 9):
 PSYoungGen      total 4608K, used 4192K [0x00000000d5580000, 0x00000000d5b00000, 0x0000000100000000)
  eden space 3584K, 100% used [0x00000000d5580000,0x00000000d5900000,0x00000000d5900000)
  from space 1024K, 59% used [0x00000000d5900000,0x00000000d5998000,0x00000000d5a00000)
  to   space 1024K, 0% used [0x00000000d5a00000,0x00000000d5a00000,0x00000000d5b00000)
 ParOldGen       total 1391104K, used 1390885K [0x0000000080000000, 0x00000000d4e80000, 0x00000000d5580000)
  object space 1391104K, 99% used [0x0000000080000000,0x00000000d4e494b8,0x00000000d4e80000)
 Metaspace       used 90504K, committed 92416K, reserved 1179648K
  class space    used 8670K, committed 9664K, reserved 1048576K
}
Event: 6217.190 GC heap after
{Heap after GC invocations=6497 (full 9):
 PSYoungGen      total 4096K, used 1024K [0x00000000d5580000, 0x00000000d5d00000, 0x0000000100000000)
  eden space 3072K, 0% used [0x00000000d5580000,0x00000000d5580000,0x00000000d5880000)
  from space 1024K, 100% used [0x00000000d5a00000,0x00000000d5b00000,0x00000000d5b00000)
  to   space 1536K, 0% used [0x00000000d5880000,0x00000000d5880000,0x00000000d5a00000)
 ParOldGen       total 1393152K, used 1392758K [0x0000000080000000, 0x00000000d5080000, 0x00000000d5580000)
  object space 1393152K, 99% used [0x0000000080000000,0x00000000d501dac8,0x00000000d5080000)
 Metaspace       used 90504K, committed 92416K, reserved 1179648K
  class space    used 8670K, committed 9664K, reserved 1048576K
}
Event: 6217.193 GC heap before
{Heap before GC invocations=6498 (full 9):
 PSYoungGen      total 4096K, used 4096K [0x00000000d5580000, 0x00000000d5d00000, 0x0000000100000000)
  eden space 3072K, 100% used [0x00000000d5580000,0x00000000d5880000,0x00000000d5880000)
  from space 1024K, 100% used [0x00000000d5a00000,0x00000000d5b00000,0x00000000d5b00000)
  to   space 1536K, 0% used [0x00000000d5880000,0x00000000d5880000,0x00000000d5a00000)
 ParOldGen       total 1393152K, used 1392758K [0x0000000080000000, 0x00000000d5080000, 0x00000000d5580000)
  object space 1393152K, 99% used [0x0000000080000000,0x00000000d501dac8,0x00000000d5080000)
 Metaspace       used 90504K, committed 92416K, reserved 1179648K
  class space    used 8670K, committed 9664K, reserved 1048576K
}
Event: 6217.194 GC heap after
{Heap after GC invocations=6498 (full 9):
 PSYoungGen      total 4608K, used 1536K [0x00000000d5580000, 0x00000000d6080000, 0x0000000100000000)
  eden space 3072K, 0% used [0x00000000d5580000,0x00000000d5580000,0x00000000d5880000)
  from space 1536K, 100% used [0x00000000d5880000,0x00000000d5a00000,0x00000000d5a00000)
  to   space 3584K, 0% used [0x00000000d5d00000,0x00000000d5d00000,0x00000000d6080000)
 ParOldGen       total 1394176K, used 1394082K [0x0000000080000000, 0x00000000d5180000, 0x00000000d5580000)
  object space 1394176K, 99% used [0x0000000080000000,0x00000000d5168af0,0x00000000d5180000)
 Metaspace       used 90504K, committed 92416K, reserved 1179648K
  class space    used 8670K, committed 9664K, reserved 1048576K
}
Event: 6217.196 GC heap before
{Heap before GC invocations=6499 (full 9):
 PSYoungGen      total 4608K, used 4607K [0x00000000d5580000, 0x00000000d6080000, 0x0000000100000000)
  eden space 3072K, 99% used [0x00000000d5580000,0x00000000d587fff0,0x00000000d5880000)
  from space 1536K, 100% used [0x00000000d5880000,0x00000000d5a00000,0x00000000d5a00000)
  to   space 3584K, 0% used [0x00000000d5d00000,0x00000000d5d00000,0x00000000d6080000)
 ParOldGen       total 1394176K, used 1394082K [0x0000000080000000, 0x00000000d5180000, 0x00000000d5580000)
  object space 1394176K, 99% used [0x0000000080000000,0x00000000d5168af0,0x00000000d5180000)
 Metaspace       used 90504K, committed 92416K, reserved 1179648K
  class space    used 8670K, committed 9664K, reserved 1048576K
}
Event: 6217.198 GC heap after
{Heap after GC invocations=6499 (full 9):
 PSYoungGen      total 5632K, used 1417K [0x00000000d5580000, 0x00000000d5e80000, 0x0000000100000000)
  eden space 4096K, 0% used [0x00000000d5580000,0x00000000d5580000,0x00000000d5980000)
  from space 1536K, 92% used [0x00000000d5d00000,0x00000000d5e62400,0x00000000d5e80000)
  to   space 2048K, 0% used [0x00000000d5a80000,0x00000000d5a80000,0x00000000d5c80000)
 ParOldGen       total 1395712K, used 1395674K [0x0000000080000000, 0x00000000d5300000, 0x00000000d5580000)
  object space 1395712K, 99% used [0x0000000080000000,0x00000000d52f6af0,0x00000000d5300000)
 Metaspace       used 90504K, committed 92416K, reserved 1179648K
  class space    used 8670K, committed 9664K, reserved 1048576K
}
Event: 6217.200 GC heap before
{Heap before GC invocations=6500 (full 9):
 PSYoungGen      total 5632K, used 5513K [0x00000000d5580000, 0x00000000d5e80000, 0x0000000100000000)
  eden space 4096K, 100% used [0x00000000d5580000,0x00000000d5980000,0x00000000d5980000)
  from space 1536K, 92% used [0x00000000d5d00000,0x00000000d5e62400,0x00000000d5e80000)
  to   space 2048K, 0% used [0x00000000d5a80000,0x00000000d5a80000,0x00000000d5c80000)
 ParOldGen       total 1395712K, used 1395674K [0x0000000080000000, 0x00000000d5300000, 0x00000000d5580000)
  object space 1395712K, 99% used [0x0000000080000000,0x00000000d52f6af0,0x00000000d5300000)
 Metaspace       used 90504K, committed 92416K, reserved 1179648K
  class space    used 8670K, committed 9664K, reserved 1048576K
}
Event: 6217.202 GC heap after
{Heap after GC invocations=6500 (full 9):
 PSYoungGen      total 7168K, used 2032K [0x00000000d5580000, 0x00000000d6280000, 0x0000000100000000)
  eden space 5120K, 0% used [0x00000000d5580000,0x00000000d5580000,0x00000000d5a80000)
  from space 2048K, 99% used [0x00000000d5a80000,0x00000000d5c7c010,0x00000000d5c80000)
  to   space 4096K, 0% used [0x00000000d5e80000,0x00000000d5e80000,0x00000000d6280000)
 ParOldGen       total 1397248K, used 1396936K [0x0000000080000000, 0x00000000d5480000, 0x00000000d5580000)
  object space 1397248K, 99% used [0x0000000080000000,0x00000000d5432180,0x00000000d5480000)
 Metaspace       used 90504K, committed 92416K, reserved 1179648K
  class space    used 8670K, committed 9664K, reserved 1048576K
}
Event: 6217.206 GC heap before
{Heap before GC invocations=6501 (full 10):
 PSYoungGen      total 7168K, used 7152K [0x00000000d5580000, 0x00000000d6280000, 0x0000000100000000)
  eden space 5120K, 100% used [0x00000000d5580000,0x00000000d5a80000,0x00000000d5a80000)
  from space 2048K, 99% used [0x00000000d5a80000,0x00000000d5c7c010,0x00000000d5c80000)
  to   space 4096K, 0% used [0x00000000d5e80000,0x00000000d5e80000,0x00000000d6280000)
 ParOldGen       total 1397248K, used 1396936K [0x0000000080000000, 0x00000000d5480000, 0x00000000d5580000)
  object space 1397248K, 99% used [0x0000000080000000,0x00000000d5432180,0x00000000d5480000)
 Metaspace       used 90505K, committed 92416K, reserved 1179648K
  class space    used 8670K, committed 9664K, reserved 1048576K
}

