# JRE version: OpenJDK Runtime Environment Temurin-21.0.10+7 (21.0.10+7) (build 21.0.10+7-LTS)
# Java VM: OpenJDK 64-Bit Server VM Temurin-21.0.10+7 (21.0.10+7-LTS, mixed mode, sharing, tiered, compressed oops, compressed class ptrs, parallel gc, windows-amd64)
GC Precious Log:
 CardTable entry size: 512
 CPUs: 16 total, 16 available
 Memory: 32454M
 Large Page Support: Disabled
 NUMA Support: Disabled
 Compressed Oops: Enabled (32-bit)
 Alignments: Space 512K, Generation 512K, Heap 2M
 Heap Min Capacity: 100M
 Heap Initial Capacity: 100M
 Heap Max Capacity: 2G
 Pre-touch: Disabled
 Parallel Workers: 13
Heap:
 PSYoungGen      total 1536K, used 1343K [0x00000000d5580000, 0x00000000d5a80000, 0x0000000100000000)
  eden space 1024K, 99% used [0x00000000d5580000,0x00000000d567fff0,0x00000000d5680000)
  from space 512K, 62% used [0x00000000d5a00000,0x00000000d5a50000,0x00000000d5a80000)
  to   space 512K, 0% used [0x00000000d5980000,0x00000000d5980000,0x00000000d5a00000)
 ParOldGen       total 813056K, used 812652K [0x0000000080000000, 0x00000000b1a00000, 0x00000000d5580000)
  object space 813056K, 99% used [0x0000000080000000,0x00000000b199b1c0,0x00000000b1a00000)
 Metaspace       used 87262K, committed 89024K, reserved 1179648K
  class space    used 8690K, committed 9536K, reserved 1048576K
GC Heap History (20 events):
Event: 2054.538 GC heap after
{Heap after GC invocations=3813 (full 6):
 PSYoungGen      total 1536K, used 288K [0x00000000d5580000, 0x00000000d5a80000, 0x0000000100000000)
  eden space 1024K, 0% used [0x00000000d5580000,0x00000000d5580000,0x00000000d5680000)
  from space 512K, 56% used [0x00000000d5980000,0x00000000d59c8000,0x00000000d5a00000)
  to   space 512K, 0% used [0x00000000d5a00000,0x00000000d5a00000,0x00000000d5a80000)
 ParOldGen       total 813056K, used 812100K [0x0000000080000000, 0x00000000b1a00000, 0x00000000d5580000)
  object space 813056K, 99% used [0x0000000080000000,0x00000000b19111c0,0x00000000b1a00000)
 Metaspace       used 87229K, committed 89024K, reserved 1179648K
  class space    used 8690K, committed 9536K, reserved 1048576K
}
Event: 2054.672 GC heap before
{Heap before GC invocations=3814 (full 6):
 PSYoungGen      total 1536K, used 1312K [0x00000000d5580000, 0x00000000d5a80000, 0x0000000100000000)
  eden space 1024K, 100% used [0x00000000d5580000,0x00000000d5680000,0x00000000d5680000)
  from space 512K, 56% used [0x00000000d5980000,0x00000000d59c8000,0x00000000d5a00000)
  to   space 512K, 0% used [0x00000000d5a00000,0x00000000d5a00000,0x00000000d5a80000)
 ParOldGen       total 813056K, used 812100K [0x0000000080000000, 0x00000000b1a00000, 0x00000000d5580000)
  object space 813056K, 99% used [0x0000000080000000,0x00000000b19111c0,0x00000000b1a00000)
 Metaspace       used 87230K, committed 89024K, reserved 1179648K
  class space    used 8690K, committed 9536K, reserved 1048576K
}
Event: 2054.674 GC heap after
{Heap after GC invocations=3814 (full 6):
 PSYoungGen      total 1536K, used 224K [0x00000000d5580000, 0x00000000d5a80000, 0x0000000100000000)
  eden space 1024K, 0% used [0x00000000d5580000,0x00000000d5580000,0x00000000d5680000)
  from space 512K, 43% used [0x00000000d5a00000,0x00000000d5a38000,0x00000000d5a80000)
  to   space 512K, 0% used [0x00000000d5980000,0x00000000d5980000,0x00000000d5a00000)
 ParOldGen       total 813056K, used 812124K [0x0000000080000000, 0x00000000b1a00000, 0x00000000d5580000)
  object space 813056K, 99% used [0x0000000080000000,0x00000000b19171c0,0x00000000b1a00000)
 Metaspace       used 87230K, committed 89024K, reserved 1179648K
  class space    used 8690K, committed 9536K, reserved 1048576K
}
Event: 2055.033 GC heap before
{Heap before GC invocations=3815 (full 6):
 PSYoungGen      total 1536K, used 1248K [0x00000000d5580000, 0x00000000d5a80000, 0x0000000100000000)
  eden space 1024K, 100% used [0x00000000d5580000,0x00000000d5680000,0x00000000d5680000)
  from space 512K, 43% used [0x00000000d5a00000,0x00000000d5a38000,0x00000000d5a80000)
  to   space 512K, 0% used [0x00000000d5980000,0x00000000d5980000,0x00000000d5a00000)
 ParOldGen       total 813056K, used 812124K [0x0000000080000000, 0x00000000b1a00000, 0x00000000d5580000)
  object space 813056K, 99% used [0x0000000080000000,0x00000000b19171c0,0x00000000b1a00000)
 Metaspace       used 87230K, committed 89024K, reserved 1179648K
  class space    used 8690K, committed 9536K, reserved 1048576K
}
Event: 2055.035 GC heap after
{Heap after GC invocations=3815 (full 6):
 PSYoungGen      total 1536K, used 256K [0x00000000d5580000, 0x00000000d5a80000, 0x0000000100000000)
  eden space 1024K, 0% used [0x00000000d5580000,0x00000000d5580000,0x00000000d5680000)
  from space 512K, 50% used [0x00000000d5980000,0x00000000d59c0000,0x00000000d5a00000)
  to   space 512K, 0% used [0x00000000d5a00000,0x00000000d5a00000,0x00000000d5a80000)
 ParOldGen       total 813056K, used 812164K [0x0000000080000000, 0x00000000b1a00000, 0x00000000d5580000)
  object space 813056K, 99% used [0x0000000080000000,0x00000000b19211c0,0x00000000b1a00000)
 Metaspace       used 87230K, committed 89024K, reserved 1179648K
  class space    used 8690K, committed 9536K, reserved 1048576K
}
Event: 2055.091 GC heap before
{Heap before GC invocations=3816 (full 6):
 PSYoungGen      total 1536K, used 1280K [0x00000000d5580000, 0x00000000d5a80000, 0x0000000100000000)
  eden space 1024K, 100% used [0x00000000d5580000,0x00000000d5680000,0x00000000d5680000)
  from space 512K, 50% used [0x00000000d5980000,0x00000000d59c0000,0x00000000d5a00000)
  to   space 512K, 0% used [0x00000000d5a00000,0x00000000d5a00000,0x00000000d5a80000)
 ParOldGen       total 813056K, used 812164K [0x0000000080000000, 0x00000000b1a00000, 0x00000000d5580000)
  object space 813056K, 99% used [0x0000000080000000,0x00000000b19211c0,0x00000000b1a00000)
 Metaspace       used 87231K, committed 89024K, reserved 1179648K
  class space    used 8690K, committed 9536K, reserved 1048576K
}
Event: 2055.093 GC heap after
{Heap after GC invocations=3816 (full 6):
 PSYoungGen      total 1536K, used 160K [0x00000000d5580000, 0x00000000d5a80000, 0x0000000100000000)
  eden space 1024K, 0% used [0x00000000d5580000,0x00000000d5580000,0x00000000d5680000)
  from space 512K, 31% used [0x00000000d5a00000,0x00000000d5a28000,0x00000000d5a80000)
  to   space 512K, 0% used [0x00000000d5980000,0x00000000d5980000,0x00000000d5a00000)
 ParOldGen       total 813056K, used 812212K [0x0000000080000000, 0x00000000b1a00000, 0x00000000d5580000)
  object space 813056K, 99% used [0x0000000080000000,0x00000000b192d1c0,0x00000000b1a00000)
 Metaspace       used 87231K, committed 89024K, reserved 1179648K
  class space    used 8690K, committed 9536K, reserved 1048576K
}
Event: 2055.173 GC heap before
{Heap before GC invocations=3817 (full 6):
 PSYoungGen      total 1536K, used 1184K [0x00000000d5580000, 0x00000000d5a80000, 0x0000000100000000)
  eden space 1024K, 100% used [0x00000000d5580000,0x00000000d5680000,0x00000000d5680000)
  from space 512K, 31% used [0x00000000d5a00000,0x00000000d5a28000,0x00000000d5a80000)
  to   space 512K, 0% used [0x00000000d5980000,0x00000000d5980000,0x00000000d5a00000)
 ParOldGen       total 813056K, used 812212K [0x0000000080000000, 0x00000000b1a00000, 0x00000000d5580000)
  object space 813056K, 99% used [0x0000000080000000,0x00000000b192d1c0,0x00000000b1a00000)
 Metaspace       used 87231K, committed 89024K, reserved 1179648K
  class space    used 8690K, committed 9536K, reserved 1048576K
}
Event: 2055.175 GC heap after
{Heap after GC invocations=3817 (full 6):
 PSYoungGen      total 1536K, used 256K [0x00000000d5580000, 0x00000000d5a80000, 0x0000000100000000)
  eden space 1024K, 0% used [0x00000000d5580000,0x00000000d5580000,0x00000000d5680000)
  from space 512K, 50% used [0x00000000d5980000,0x00000000d59c0000,0x00000000d5a00000)
  to   space 512K, 0% used [0x00000000d5a00000,0x00000000d5a00000,0x00000000d5a80000)
 ParOldGen       total 813056K, used 812244K [0x0000000080000000, 0x00000000b1a00000, 0x00000000d5580000)
  object space 813056K, 99% used [0x0000000080000000,0x00000000b19351c0,0x00000000b1a00000)
 Metaspace       used 87231K, committed 89024K, reserved 1179648K
  class space    used 8690K, committed 9536K, reserved 1048576K
}
Event: 2055.235 GC heap before
{Heap before GC invocations=3818 (full 6):
 PSYoungGen      total 1536K, used 1280K [0x00000000d5580000, 0x00000000d5a80000, 0x0000000100000000)
  eden space 1024K, 100% used [0x00000000d5580000,0x00000000d5680000,0x00000000d5680000)
  from space 512K, 50% used [0x00000000d5980000,0x00000000d59c0000,0x00000000d5a00000)
  to   space 512K, 0% used [0x00000000d5a00000,0x00000000d5a00000,0x00000000d5a80000)
 ParOldGen       total 813056K, used 812244K [0x0000000080000000, 0x00000000b1a00000, 0x00000000d5580000)
  object space 813056K, 99% used [0x0000000080000000,0x00000000b19351c0,0x00000000b1a00000)
 Metaspace       used 87231K, committed 89024K, reserved 1179648K
  class space    used 8690K, committed 9536K, reserved 1048576K
}
Event: 2055.237 GC heap after
{Heap after GC invocations=3818 (full 6):
 PSYoungGen      total 1536K, used 320K [0x00000000d5580000, 0x00000000d5a80000, 0x0000000100000000)
  eden space 1024K, 0% used [0x00000000d5580000,0x00000000d5580000,0x00000000d5680000)
  from space 512K, 62% used [0x00000000d5a00000,0x00000000d5a50000,0x00000000d5a80000)
  to   space 512K, 0% used [0x00000000d5980000,0x00000000d5980000,0x00000000d5a00000)
 ParOldGen       total 813056K, used 812308K [0x0000000080000000, 0x00000000b1a00000, 0x00000000d5580000)
  object space 813056K, 99% used [0x0000000080000000,0x00000000b19451c0,0x00000000b1a00000)
 Metaspace       used 87231K, committed 89024K, reserved 1179648K
  class space    used 8690K, committed 9536K, reserved 1048576K
}
Event: 2353.419 GC heap before
{Heap before GC invocations=3819 (full 6):
 PSYoungGen      total 1536K, used 1344K [0x00000000d5580000, 0x00000000d5a80000, 0x0000000100000000)
  eden space 1024K, 100% used [0x00000000d5580000,0x00000000d5680000,0x00000000d5680000)
  from space 512K, 62% used [0x00000000d5a00000,0x00000000d5a50000,0x00000000d5a80000)
  to   space 512K, 0% used [0x00000000d5980000,0x00000000d5980000,0x00000000d5a00000)
 ParOldGen       total 813056K, used 812308K [0x0000000080000000, 0x00000000b1a00000, 0x00000000d5580000)
  object space 813056K, 99% used [0x0000000080000000,0x00000000b19451c0,0x00000000b1a00000)
 Metaspace       used 87251K, committed 89024K, reserved 1179648K
  class space    used 8690K, committed 9536K, reserved 1048576K
}
Event: 2353.421 GC heap after
{Heap after GC invocations=3819 (full 6):
 PSYoungGen      total 1536K, used 268K [0x00000000d5580000, 0x00000000d5a80000, 0x0000000100000000)
  eden space 1024K, 0% used [0x00000000d5580000,0x00000000d5580000,0x00000000d5680000)
  from space 512K, 52% used [0x00000000d5980000,0x00000000d59c3020,0x00000000d5a00000)
  to   space 512K, 0% used [0x00000000d5a00000,0x00000000d5a00000,0x00000000d5a80000)
 ParOldGen       total 813056K, used 812420K [0x0000000080000000, 0x00000000b1a00000, 0x00000000d5580000)
  object space 813056K, 99% used [0x0000000080000000,0x00000000b19611c0,0x00000000b1a00000)
 Metaspace       used 87251K, committed 89024K, reserved 1179648K
  class space    used 8690K, committed 9536K, reserved 1048576K
}
Event: 2353.433 GC heap before
{Heap before GC invocations=3820 (full 6):
 PSYoungGen      total 1536K, used 1286K [0x00000000d5580000, 0x00000000d5a80000, 0x0000000100000000)
  eden space 1024K, 99% used [0x00000000d5580000,0x00000000d567e9a8,0x00000000d5680000)
  from space 512K, 52% used [0x00000000d5980000,0x00000000d59c3020,0x00000000d5a00000)
  to   space 512K, 0% used [0x00000000d5a00000,0x00000000d5a00000,0x00000000d5a80000)
 ParOldGen       total 813056K, used 812420K [0x0000000080000000, 0x00000000b1a00000, 0x00000000d5580000)
  object space 813056K, 99% used [0x0000000080000000,0x00000000b19611c0,0x00000000b1a00000)
 Metaspace       used 87255K, committed 89024K, reserved 1179648K
  class space    used 8690K, committed 9536K, reserved 1048576K
}
Event: 2353.435 GC heap after
{Heap after GC invocations=3820 (full 6):
 PSYoungGen      total 1536K, used 224K [0x00000000d5580000, 0x00000000d5a80000, 0x0000000100000000)
  eden space 1024K, 0% used [0x00000000d5580000,0x00000000d5580000,0x00000000d5680000)
  from space 512K, 43% used [0x00000000d5a00000,0x00000000d5a38000,0x00000000d5a80000)
  to   space 512K, 0% used [0x00000000d5980000,0x00000000d5980000,0x00000000d5a00000)
 ParOldGen       total 813056K, used 812468K [0x0000000080000000, 0x00000000b1a00000, 0x00000000d5580000)
  object space 813056K, 99% used [0x0000000080000000,0x00000000b196d1c0,0x00000000b1a00000)
 Metaspace       used 87255K, committed 89024K, reserved 1179648K
  class space    used 8690K, committed 9536K, reserved 1048576K
}
Event: 2353.579 GC heap before
{Heap before GC invocations=3821 (full 6):
 PSYoungGen      total 1536K, used 1248K [0x00000000d5580000, 0x00000000d5a80000, 0x0000000100000000)
  eden space 1024K, 100% used [0x00000000d5580000,0x00000000d5680000,0x00000000d5680000)
  from space 512K, 43% used [0x00000000d5a00000,0x00000000d5a38000,0x00000000d5a80000)
  to   space 512K, 0% used [0x00000000d5980000,0x00000000d5980000,0x00000000d5a00000)
 ParOldGen       total 813056K, used 812468K [0x0000000080000000, 0x00000000b1a00000, 0x00000000d5580000)
  object space 813056K, 99% used [0x0000000080000000,0x00000000b196d1c0,0x00000000b1a00000)
 Metaspace       used 87257K, committed 89024K, reserved 1179648K
  class space    used 8690K, committed 9536K, reserved 1048576K
}
Event: 2353.582 GC heap after
{Heap after GC invocations=3821 (full 6):
 PSYoungGen      total 1536K, used 352K [0x00000000d5580000, 0x00000000d5a80000, 0x0000000100000000)
  eden space 1024K, 0% used [0x00000000d5580000,0x00000000d5580000,0x00000000d5680000)
  from space 512K, 68% used [0x00000000d5980000,0x00000000d59d8000,0x00000000d5a00000)
  to   space 512K, 0% used [0x00000000d5a00000,0x00000000d5a00000,0x00000000d5a80000)
 ParOldGen       total 813056K, used 812492K [0x0000000080000000, 0x00000000b1a00000, 0x00000000d5580000)
  object space 813056K, 99% used [0x0000000080000000,0x00000000b19731c0,0x00000000b1a00000)
 Metaspace       used 87257K, committed 89024K, reserved 1179648K
  class space    used 8690K, committed 9536K, reserved 1048576K
}
Event: 2353.602 GC heap before
{Heap before GC invocations=3822 (full 6):
 PSYoungGen      total 1536K, used 1360K [0x00000000d5580000, 0x00000000d5a80000, 0x0000000100000000)
  eden space 1024K, 98% used [0x00000000d5580000,0x00000000d567c088,0x00000000d5680000)
  from space 512K, 68% used [0x00000000d5980000,0x00000000d59d8000,0x00000000d5a00000)
  to   space 512K, 0% used [0x00000000d5a00000,0x00000000d5a00000,0x00000000d5a80000)
 ParOldGen       total 813056K, used 812492K [0x0000000080000000, 0x00000000b1a00000, 0x00000000d5580000)
  object space 813056K, 99% used [0x0000000080000000,0x00000000b19731c0,0x00000000b1a00000)
 Metaspace       used 87258K, committed 89024K, reserved 1179648K
  class space    used 8690K, committed 9536K, reserved 1048576K
}
Event: 2353.603 GC heap after
{Heap after GC invocations=3822 (full 6):
 PSYoungGen      total 1536K, used 320K [0x00000000d5580000, 0x00000000d5a80000, 0x0000000100000000)
  eden space 1024K, 0% used [0x00000000d5580000,0x00000000d5580000,0x00000000d5680000)
  from space 512K, 62% used [0x00000000d5a00000,0x00000000d5a50000,0x00000000d5a80000)
  to   space 512K, 0% used [0x00000000d5980000,0x00000000d5980000,0x00000000d5a00000)
 ParOldGen       total 813056K, used 812652K [0x0000000080000000, 0x00000000b1a00000, 0x00000000d5580000)
  object space 813056K, 99% used [0x0000000080000000,0x00000000b199b1c0,0x00000000b1a00000)
 Metaspace       used 87258K, committed 89024K, reserved 1179648K
  class space    used 8690K, committed 9536K, reserved 1048576K
}
Event: 3584.902 GC heap before
{Heap before GC invocations=3823 (full 6):
 PSYoungGen      total 1536K, used 1343K [0x00000000d5580000, 0x00000000d5a80000, 0x0000000100000000)
  eden space 1024K, 99% used [0x00000000d5580000,0x00000000d567fff0,0x00000000d5680000)
  from space 512K, 62% used [0x00000000d5a00000,0x00000000d5a50000,0x00000000d5a80000)
  to   space 512K, 0% used [0x00000000d5980000,0x00000000d5980000,0x00000000d5a00000)
 ParOldGen       total 813056K, used 812652K [0x0000000080000000, 0x00000000b1a00000, 0x00000000d5580000)
  object space 813056K, 99% used [0x0000000080000000,0x00000000b199b1c0,0x00000000b1a00000)
 Metaspace       used 87262K, committed 89024K, reserved 1179648K
  class space    used 8690K, committed 9536K, reserved 1048576K
}

