# JRE version: OpenJDK Runtime Environment Temurin-21.0.6+7 (21.0.6+7) (build 21.0.6+7-LTS)
# Java VM: OpenJDK 64-Bit Server VM Temurin-21.0.6+7 (21.0.6+7-LTS, mixed mode, emulated-client, sharing, tiered, compressed oops, compressed class ptrs, g1 gc, windows-amd64)
GC Precious Log:
 CardTable entry size: 512
 Card Set container configuration: InlinePtr #cards 4 size 8 Array Of Cards #cards 32 size 80 Howl #buckets 8 coarsen threshold 7372 Howl Bitmap #cards 1024 size 144 coarsen threshold 921 Card regions per heap region 1 cards per card region 8192
 CPUs: 16 total, 16 available
 Memory: 32454M
 Large Page Support: Disabled
 NUMA Support: Disabled
 Compressed Oops: Enabled (Zero based)
 Heap Region Size: 4M
 Heap Min Capacity: 8M
 Heap Initial Capacity: 508M
 Heap Max Capacity: 8116M
 Pre-touch: Disabled
 Parallel Workers: 13
 Concurrent Workers: 3
 Concurrent Refinement Workers: 13
 Periodic GC: Disabled
Heap:
 garbage-first heap   total 397312K, used 109343K [0x0000000604c00000, 0x0000000800000000)
  region size 4096K, 3 young (12288K), 2 survivors (8192K)
 Metaspace       used 108249K, committed 110144K, reserved 1179648K
  class space    used 15164K, committed 15936K, reserved 1048576K
GC Heap History (20 events):
Event: 1467.990 GC heap before
{Heap before GC invocations=55 (full 0):
 garbage-first heap   total 614400K, used 359731K [0x0000000604c00000, 0x0000000800000000)
  region size 4096K, 62 young (253952K), 5 survivors (20480K)
 Metaspace       used 108662K, committed 109952K, reserved 1179648K
  class space    used 15246K, committed 15872K, reserved 1048576K
}
Event: 1468.003 GC heap after
{Heap after GC invocations=56 (full 0):
 garbage-first heap   total 614400K, used 132134K [0x0000000604c00000, 0x0000000800000000)
  region size 4096K, 6 young (24576K), 6 survivors (24576K)
 Metaspace       used 108662K, committed 109952K, reserved 1179648K
  class space    used 15246K, committed 15872K, reserved 1048576K
}
Event: 1619.923 GC heap before
{Heap before GC invocations=57 (full 0):
 garbage-first heap   total 466944K, used 386086K [0x0000000604c00000, 0x0000000800000000)
  region size 4096K, 68 young (278528K), 6 survivors (24576K)
 Metaspace       used 108819K, committed 110144K, reserved 1179648K
  class space    used 15289K, committed 15936K, reserved 1048576K
}
Event: 1619.936 GC heap after
{Heap after GC invocations=58 (full 0):
 garbage-first heap   total 466944K, used 133198K [0x0000000604c00000, 0x0000000800000000)
  region size 4096K, 6 young (24576K), 6 survivors (24576K)
 Metaspace       used 108819K, committed 110144K, reserved 1179648K
  class space    used 15289K, committed 15936K, reserved 1048576K
}
Event: 1790.368 GC heap before
{Heap before GC invocations=58 (full 0):
 garbage-first heap   total 466944K, used 387150K [0x0000000604c00000, 0x0000000800000000)
  region size 4096K, 68 young (278528K), 6 survivors (24576K)
 Metaspace       used 108821K, committed 110144K, reserved 1179648K
  class space    used 15289K, committed 15936K, reserved 1048576K
}
Event: 1790.383 GC heap after
{Heap after GC invocations=59 (full 0):
 garbage-first heap   total 466944K, used 118046K [0x0000000604c00000, 0x0000000800000000)
  region size 4096K, 3 young (12288K), 3 survivors (12288K)
 Metaspace       used 108821K, committed 110144K, reserved 1179648K
  class space    used 15289K, committed 15936K, reserved 1048576K
}
Event: 1971.316 GC heap before
{Heap before GC invocations=59 (full 0):
 garbage-first heap   total 466944K, used 384286K [0x0000000604c00000, 0x0000000800000000)
  region size 4096K, 68 young (278528K), 3 survivors (12288K)
 Metaspace       used 108821K, committed 110144K, reserved 1179648K
  class space    used 15289K, committed 15936K, reserved 1048576K
}
Event: 1971.323 GC heap after
{Heap after GC invocations=60 (full 0):
 garbage-first heap   total 466944K, used 116819K [0x0000000604c00000, 0x0000000800000000)
  region size 4096K, 3 young (12288K), 3 survivors (12288K)
 Metaspace       used 108821K, committed 110144K, reserved 1179648K
  class space    used 15289K, committed 15936K, reserved 1048576K
}
Event: 2129.745 GC heap before
{Heap before GC invocations=61 (full 0):
 garbage-first heap   total 409600K, used 350291K [0x0000000604c00000, 0x0000000800000000)
  region size 4096K, 60 young (245760K), 3 survivors (12288K)
 Metaspace       used 108243K, committed 110144K, reserved 1179648K
  class space    used 15163K, committed 15936K, reserved 1048576K
}
Event: 2129.751 GC heap after
{Heap after GC invocations=62 (full 0):
 garbage-first heap   total 409600K, used 115922K [0x0000000604c00000, 0x0000000800000000)
  region size 4096K, 3 young (12288K), 3 survivors (12288K)
 Metaspace       used 108243K, committed 110144K, reserved 1179648K
  class space    used 15163K, committed 15936K, reserved 1048576K
}
Event: 2290.522 GC heap before
{Heap before GC invocations=62 (full 0):
 garbage-first heap   total 409600K, used 349394K [0x0000000604c00000, 0x0000000800000000)
  region size 4096K, 60 young (245760K), 3 survivors (12288K)
 Metaspace       used 108243K, committed 110144K, reserved 1179648K
  class space    used 15163K, committed 15936K, reserved 1048576K
}
Event: 2290.539 GC heap after
{Heap after GC invocations=63 (full 0):
 garbage-first heap   total 409600K, used 111465K [0x0000000604c00000, 0x0000000800000000)
  region size 4096K, 3 young (12288K), 3 survivors (12288K)
 Metaspace       used 108243K, committed 110144K, reserved 1179648K
  class space    used 15163K, committed 15936K, reserved 1048576K
}
Event: 2450.872 GC heap before
{Heap before GC invocations=63 (full 0):
 garbage-first heap   total 409600K, used 344937K [0x0000000604c00000, 0x0000000800000000)
  region size 4096K, 60 young (245760K), 3 survivors (12288K)
 Metaspace       used 108247K, committed 110144K, reserved 1179648K
  class space    used 15163K, committed 15936K, reserved 1048576K
}
Event: 2450.890 GC heap after
{Heap after GC invocations=64 (full 0):
 garbage-first heap   total 409600K, used 111325K [0x0000000604c00000, 0x0000000800000000)
  region size 4096K, 3 young (12288K), 3 survivors (12288K)
 Metaspace       used 108247K, committed 110144K, reserved 1179648K
  class space    used 15163K, committed 15936K, reserved 1048576K
}
Event: 2606.811 GC heap before
{Heap before GC invocations=65 (full 0):
 garbage-first heap   total 397312K, used 336605K [0x0000000604c00000, 0x0000000800000000)
  region size 4096K, 58 young (237568K), 3 survivors (12288K)
 Metaspace       used 108247K, committed 110144K, reserved 1179648K
  class space    used 15163K, committed 15936K, reserved 1048576K
}
Event: 2606.818 GC heap after
{Heap after GC invocations=66 (full 0):
 garbage-first heap   total 397312K, used 111585K [0x0000000604c00000, 0x0000000800000000)
  region size 4096K, 3 young (12288K), 3 survivors (12288K)
 Metaspace       used 108247K, committed 110144K, reserved 1179648K
  class space    used 15163K, committed 15936K, reserved 1048576K
}
Event: 2760.780 GC heap before
{Heap before GC invocations=66 (full 0):
 garbage-first heap   total 397312K, used 336865K [0x0000000604c00000, 0x0000000800000000)
  region size 4096K, 58 young (237568K), 3 survivors (12288K)
 Metaspace       used 108249K, committed 110144K, reserved 1179648K
  class space    used 15164K, committed 15936K, reserved 1048576K
}
Event: 2760.792 GC heap after
{Heap after GC invocations=67 (full 0):
 garbage-first heap   total 397312K, used 109031K [0x0000000604c00000, 0x0000000800000000)
  region size 4096K, 3 young (12288K), 3 survivors (12288K)
 Metaspace       used 108249K, committed 110144K, reserved 1179648K
  class space    used 15164K, committed 15936K, reserved 1048576K
}
Event: 2917.823 GC heap before
{Heap before GC invocations=67 (full 0):
 garbage-first heap   total 397312K, used 334311K [0x0000000604c00000, 0x0000000800000000)
  region size 4096K, 58 young (237568K), 3 survivors (12288K)
 Metaspace       used 108249K, committed 110144K, reserved 1179648K
  class space    used 15164K, committed 15936K, reserved 1048576K
}
Event: 2917.832 GC heap after
{Heap after GC invocations=68 (full 0):
 garbage-first heap   total 397312K, used 109343K [0x0000000604c00000, 0x0000000800000000)
  region size 4096K, 2 young (8192K), 2 survivors (8192K)
 Metaspace       used 108249K, committed 110144K, reserved 1179648K
  class space    used 15164K, committed 15936K, reserved 1048576K
}

