# JRE version: OpenJDK Runtime Environment Temurin-21.0.6+7 (21.0.6+7) (build 21.0.6+7-LTS)
# Java VM: OpenJDK 64-Bit Server VM Temurin-21.0.6+7 (21.0.6+7-LTS, mixed mode, emulated-client, sharing, tiered, compressed oops, compressed class ptrs, g1 gc, windows-amd64)
GC Precious Log:
 CardTable entry size: 512
 Card Set container configuration: InlinePtr #cards 4 size 8 Array Of Cards #cards 32 size 80 Howl #buckets 8 coarsen threshold 7372 Howl Bitmap #cards 1024 size 144 coarsen threshold 921 Card regions per heap region 1 cards per card region 8192
 CPUs: 16 total, 16 available
 Memory: 32454M
 Large Page Support: Disabled
 NUMA Support: Disabled
 Compressed Oops: Enabled (Zero based)
 Heap Region Size: 4M
 Heap Min Capacity: 8M
 Heap Initial Capacity: 508M
 Heap Max Capacity: 8116M
 Pre-touch: Disabled
 Parallel Workers: 13
 Concurrent Workers: 3
 Concurrent Refinement Workers: 13
 Periodic GC: Disabled
Heap:
 garbage-first heap   total 397312K, used 110771K [0x0000000604c00000, 0x0000000800000000)
  region size 4096K, 3 young (12288K), 2 survivors (8192K)
 Metaspace       used 117828K, committed 119104K, reserved 1179648K
  class space    used 15938K, committed 16576K, reserved 1048576K
GC Heap History (20 events):
Event: 1196.442 GC heap before
{Heap before GC invocations=64 (full 1):
 garbage-first heap   total 315392K, used 193222K [0x0000000604c00000, 0x0000000800000000)
  region size 4096K, 27 young (110592K), 2 survivors (8192K)
 Metaspace       used 110667K, committed 111680K, reserved 1179648K
  class space    used 15280K, committed 15744K, reserved 1048576K
}
Event: 1196.444 GC heap after
{Heap after GC invocations=65 (full 1):
 garbage-first heap   total 315392K, used 97908K [0x0000000604c00000, 0x0000000800000000)
  region size 4096K, 3 young (12288K), 3 survivors (12288K)
 Metaspace       used 110667K, committed 111680K, reserved 1179648K
  class space    used 15280K, committed 15744K, reserved 1048576K
}
Event: 1200.911 GC heap before
{Heap before GC invocations=66 (full 1):
 garbage-first heap   total 315392K, used 257652K [0x0000000604c00000, 0x0000000800000000)
  region size 4096K, 42 young (172032K), 3 survivors (12288K)
 Metaspace       used 111979K, committed 113024K, reserved 1179648K
  class space    used 15392K, committed 15872K, reserved 1048576K
}
Event: 1200.916 GC heap after
{Heap after GC invocations=67 (full 1):
 garbage-first heap   total 315392K, used 105972K [0x0000000604c00000, 0x0000000800000000)
  region size 4096K, 5 young (20480K), 5 survivors (20480K)
 Metaspace       used 111979K, committed 113024K, reserved 1179648K
  class space    used 15392K, committed 15872K, reserved 1048576K
}
Event: 1200.925 GC heap before
{Heap before GC invocations=67 (full 1):
 garbage-first heap   total 315392K, used 105972K [0x0000000604c00000, 0x0000000800000000)
  region size 4096K, 6 young (24576K), 5 survivors (20480K)
 Metaspace       used 111985K, committed 113024K, reserved 1179648K
  class space    used 15394K, committed 15872K, reserved 1048576K
}
Event: 1200.929 GC heap after
{Heap after GC invocations=68 (full 1):
 garbage-first heap   total 315392K, used 106398K [0x0000000604c00000, 0x0000000800000000)
  region size 4096K, 3 young (12288K), 3 survivors (12288K)
 Metaspace       used 111985K, committed 113024K, reserved 1179648K
  class space    used 15394K, committed 15872K, reserved 1048576K
}
Event: 1201.821 GC heap before
{Heap before GC invocations=69 (full 1):
 garbage-first heap   total 315392K, used 257950K [0x0000000604c00000, 0x0000000800000000)
  region size 4096K, 40 young (163840K), 3 survivors (12288K)
 Metaspace       used 116854K, committed 118144K, reserved 1179648K
  class space    used 15832K, committed 16448K, reserved 1048576K
}
Event: 1201.826 GC heap after
{Heap after GC invocations=70 (full 1):
 garbage-first heap   total 397312K, used 118141K [0x0000000604c00000, 0x0000000800000000)
  region size 4096K, 5 young (20480K), 5 survivors (20480K)
 Metaspace       used 116854K, committed 118144K, reserved 1179648K
  class space    used 15832K, committed 16448K, reserved 1048576K
}
Event: 1202.194 GC heap before
{Heap before GC invocations=70 (full 1):
 garbage-first heap   total 397312K, used 183677K [0x0000000604c00000, 0x0000000800000000)
  region size 4096K, 22 young (90112K), 5 survivors (20480K)
 Metaspace       used 117699K, committed 119040K, reserved 1179648K
  class space    used 15934K, committed 16576K, reserved 1048576K
}
Event: 1202.200 GC heap after
{Heap after GC invocations=71 (full 1):
 garbage-first heap   total 397312K, used 123647K [0x0000000604c00000, 0x0000000800000000)
  region size 4096K, 5 young (20480K), 5 survivors (20480K)
 Metaspace       used 117699K, committed 119040K, reserved 1179648K
  class space    used 15934K, committed 16576K, reserved 1048576K
}
Event: 1286.442 GC heap before
{Heap before GC invocations=72 (full 1):
 garbage-first heap   total 397312K, used 287487K [0x0000000604c00000, 0x0000000800000000)
  region size 4096K, 46 young (188416K), 5 survivors (20480K)
 Metaspace       used 117738K, committed 119104K, reserved 1179648K
  class space    used 15912K, committed 16576K, reserved 1048576K
}
Event: 1286.453 GC heap after
{Heap after GC invocations=73 (full 1):
 garbage-first heap   total 397312K, used 127512K [0x0000000604c00000, 0x0000000800000000)
  region size 4096K, 3 young (12288K), 3 survivors (12288K)
 Metaspace       used 117738K, committed 119104K, reserved 1179648K
  class space    used 15912K, committed 16576K, reserved 1048576K
}
Event: 1418.398 GC heap before
{Heap before GC invocations=74 (full 1):
 garbage-first heap   total 397312K, used 336408K [0x0000000604c00000, 0x0000000800000000)
  region size 4096K, 54 young (221184K), 3 survivors (12288K)
 Metaspace       used 117775K, committed 119104K, reserved 1179648K
  class space    used 15924K, committed 16576K, reserved 1048576K
}
Event: 1418.403 GC heap after
{Heap after GC invocations=75 (full 1):
 garbage-first heap   total 397312K, used 127413K [0x0000000604c00000, 0x0000000800000000)
  region size 4096K, 3 young (12288K), 3 survivors (12288K)
 Metaspace       used 117775K, committed 119104K, reserved 1179648K
  class space    used 15924K, committed 16576K, reserved 1048576K
}
Event: 1560.864 GC heap before
{Heap before GC invocations=75 (full 1):
 garbage-first heap   total 397312K, used 336309K [0x0000000604c00000, 0x0000000800000000)
  region size 4096K, 54 young (221184K), 3 survivors (12288K)
 Metaspace       used 117826K, committed 119104K, reserved 1179648K
  class space    used 15938K, committed 16576K, reserved 1048576K
}
Event: 1560.879 GC heap after
{Heap after GC invocations=76 (full 1):
 garbage-first heap   total 397312K, used 114985K [0x0000000604c00000, 0x0000000800000000)
  region size 4096K, 3 young (12288K), 3 survivors (12288K)
 Metaspace       used 117826K, committed 119104K, reserved 1179648K
  class space    used 15938K, committed 16576K, reserved 1048576K
}
Event: 1720.185 GC heap before
{Heap before GC invocations=76 (full 1):
 garbage-first heap   total 397312K, used 340265K [0x0000000604c00000, 0x0000000800000000)
  region size 4096K, 58 young (237568K), 3 survivors (12288K)
 Metaspace       used 117828K, committed 119104K, reserved 1179648K
  class space    used 15938K, committed 16576K, reserved 1048576K
}
Event: 1720.194 GC heap after
{Heap after GC invocations=77 (full 1):
 garbage-first heap   total 397312K, used 110865K [0x0000000604c00000, 0x0000000800000000)
  region size 4096K, 2 young (8192K), 2 survivors (8192K)
 Metaspace       used 117828K, committed 119104K, reserved 1179648K
  class space    used 15938K, committed 16576K, reserved 1048576K
}
Event: 1881.244 GC heap before
{Heap before GC invocations=77 (full 1):
 garbage-first heap   total 397312K, used 340241K [0x0000000604c00000, 0x0000000800000000)
  region size 4096K, 58 young (237568K), 2 survivors (8192K)
 Metaspace       used 117828K, committed 119104K, reserved 1179648K
  class space    used 15938K, committed 16576K, reserved 1048576K
}
Event: 1881.249 GC heap after
{Heap after GC invocations=78 (full 1):
 garbage-first heap   total 397312K, used 110771K [0x0000000604c00000, 0x0000000800000000)
  region size 4096K, 2 young (8192K), 2 survivors (8192K)
 Metaspace       used 117828K, committed 119104K, reserved 1179648K
  class space    used 15938K, committed 16576K, reserved 1048576K
}

