# JRE version: OpenJDK Runtime Environment Temurin-21.0.6+7 (21.0.6+7) (build 21.0.6+7-LTS)
# Java VM: OpenJDK 64-Bit Server VM Temurin-21.0.6+7 (21.0.6+7-LTS, mixed mode, emulated-client, sharing, tiered, compressed oops, compressed class ptrs, g1 gc, windows-amd64)
GC Precious Log:
 CardTable entry size: 512
 Card Set container configuration: InlinePtr #cards 4 size 8 Array Of Cards #cards 32 size 80 Howl #buckets 8 coarsen threshold 7372 Howl Bitmap #cards 1024 size 144 coarsen threshold 921 Card regions per heap region 1 cards per card region 8192
 CPUs: 16 total, 16 available
 Memory: 32454M
 Large Page Support: Disabled
 NUMA Support: Disabled
 Compressed Oops: Enabled (Zero based)
 Heap Region Size: 4M
 Heap Min Capacity: 8M
 Heap Initial Capacity: 508M
 Heap Max Capacity: 8116M
 Pre-touch: Disabled
 Parallel Workers: 13
 Concurrent Workers: 3
 Concurrent Refinement Workers: 13
 Periodic GC: Disabled
Heap:
 garbage-first heap   total 237568K, used 85580K [0x0000000604c00000, 0x0000000800000000)
  region size 4096K, 3 young (12288K), 2 survivors (8192K)
 Metaspace       used 113518K, committed 115392K, reserved 1179648K
  class space    used 16015K, committed 16768K, reserved 1048576K
GC Heap History (20 events):
Event: 267.862 GC heap before
{Heap before GC invocations=54 (full 0):
 garbage-first heap   total 237568K, used 206674K [0x0000000604c00000, 0x0000000800000000)
  region size 4096K, 30 young (122880K), 2 survivors (8192K)
 Metaspace       used 114075K, committed 115392K, reserved 1179648K
  class space    used 16154K, committed 16768K, reserved 1048576K
}
Event: 267.869 GC heap after
{Heap after GC invocations=55 (full 0):
 garbage-first heap   total 237568K, used 96207K [0x0000000604c00000, 0x0000000800000000)
  region size 4096K, 2 young (8192K), 2 survivors (8192K)
 Metaspace       used 114075K, committed 115392K, reserved 1179648K
  class space    used 16154K, committed 16768K, reserved 1048576K
}
Event: 342.771 GC heap before
{Heap before GC invocations=56 (full 0):
 garbage-first heap   total 237568K, used 210895K [0x0000000604c00000, 0x0000000800000000)
  region size 4096K, 30 young (122880K), 2 survivors (8192K)
 Metaspace       used 113335K, committed 115392K, reserved 1179648K
  class space    used 15971K, committed 16768K, reserved 1048576K
}
Event: 342.776 GC heap after
{Heap after GC invocations=57 (full 0):
 garbage-first heap   total 237568K, used 96095K [0x0000000604c00000, 0x0000000800000000)
  region size 4096K, 2 young (8192K), 2 survivors (8192K)
 Metaspace       used 113335K, committed 115392K, reserved 1179648K
  class space    used 15971K, committed 16768K, reserved 1048576K
}
Event: 417.257 GC heap before
{Heap before GC invocations=57 (full 0):
 garbage-first heap   total 237568K, used 210783K [0x0000000604c00000, 0x0000000800000000)
  region size 4096K, 30 young (122880K), 2 survivors (8192K)
 Metaspace       used 113406K, committed 115392K, reserved 1179648K
  class space    used 15993K, committed 16768K, reserved 1048576K
}
Event: 417.273 GC heap after
{Heap after GC invocations=58 (full 0):
 garbage-first heap   total 237568K, used 89709K [0x0000000604c00000, 0x0000000800000000)
  region size 4096K, 2 young (8192K), 2 survivors (8192K)
 Metaspace       used 113406K, committed 115392K, reserved 1179648K
  class space    used 15993K, committed 16768K, reserved 1048576K
}
Event: 505.825 GC heap before
{Heap before GC invocations=58 (full 0):
 garbage-first heap   total 237568K, used 208493K [0x0000000604c00000, 0x0000000800000000)
  region size 4096K, 31 young (126976K), 2 survivors (8192K)
 Metaspace       used 113408K, committed 115392K, reserved 1179648K
  class space    used 15994K, committed 16768K, reserved 1048576K
}
Event: 505.832 GC heap after
{Heap after GC invocations=59 (full 0):
 garbage-first heap   total 237568K, used 89288K [0x0000000604c00000, 0x0000000800000000)
  region size 4096K, 2 young (8192K), 2 survivors (8192K)
 Metaspace       used 113408K, committed 115392K, reserved 1179648K
  class space    used 15994K, committed 16768K, reserved 1048576K
}
Event: 586.838 GC heap before
{Heap before GC invocations=60 (full 0):
 garbage-first heap   total 237568K, used 208072K [0x0000000604c00000, 0x0000000800000000)
  region size 4096K, 31 young (126976K), 2 survivors (8192K)
 Metaspace       used 113501K, committed 115392K, reserved 1179648K
  class space    used 16013K, committed 16768K, reserved 1048576K
}
Event: 586.846 GC heap after
{Heap after GC invocations=61 (full 0):
 garbage-first heap   total 237568K, used 89700K [0x0000000604c00000, 0x0000000800000000)
  region size 4096K, 2 young (8192K), 2 survivors (8192K)
 Metaspace       used 113501K, committed 115392K, reserved 1179648K
  class space    used 16013K, committed 16768K, reserved 1048576K
}
Event: 672.099 GC heap before
{Heap before GC invocations=61 (full 0):
 garbage-first heap   total 237568K, used 208484K [0x0000000604c00000, 0x0000000800000000)
  region size 4096K, 31 young (126976K), 2 survivors (8192K)
 Metaspace       used 113511K, committed 115392K, reserved 1179648K
  class space    used 16015K, committed 16768K, reserved 1048576K
}
Event: 672.108 GC heap after
{Heap after GC invocations=62 (full 0):
 garbage-first heap   total 237568K, used 87960K [0x0000000604c00000, 0x0000000800000000)
  region size 4096K, 2 young (8192K), 2 survivors (8192K)
 Metaspace       used 113511K, committed 115392K, reserved 1179648K
  class space    used 16015K, committed 16768K, reserved 1048576K
}
Event: 763.848 GC heap before
{Heap before GC invocations=62 (full 0):
 garbage-first heap   total 237568K, used 210840K [0x0000000604c00000, 0x0000000800000000)
  region size 4096K, 32 young (131072K), 2 survivors (8192K)
 Metaspace       used 113511K, committed 115392K, reserved 1179648K
  class space    used 16015K, committed 16768K, reserved 1048576K
}
Event: 763.854 GC heap after
{Heap after GC invocations=63 (full 0):
 garbage-first heap   total 237568K, used 87630K [0x0000000604c00000, 0x0000000800000000)
  region size 4096K, 2 young (8192K), 2 survivors (8192K)
 Metaspace       used 113511K, committed 115392K, reserved 1179648K
  class space    used 16015K, committed 16768K, reserved 1048576K
}
Event: 855.819 GC heap before
{Heap before GC invocations=64 (full 0):
 garbage-first heap   total 237568K, used 210510K [0x0000000604c00000, 0x0000000800000000)
  region size 4096K, 32 young (131072K), 2 survivors (8192K)
 Metaspace       used 113508K, committed 115392K, reserved 1179648K
  class space    used 16014K, committed 16768K, reserved 1048576K
}
Event: 855.825 GC heap after
{Heap after GC invocations=65 (full 0):
 garbage-first heap   total 237568K, used 87432K [0x0000000604c00000, 0x0000000800000000)
  region size 4096K, 2 young (8192K), 2 survivors (8192K)
 Metaspace       used 113508K, committed 115392K, reserved 1179648K
  class space    used 16014K, committed 16768K, reserved 1048576K
}
Event: 944.085 GC heap before
{Heap before GC invocations=65 (full 0):
 garbage-first heap   total 237568K, used 210312K [0x0000000604c00000, 0x0000000800000000)
  region size 4096K, 32 young (131072K), 2 survivors (8192K)
 Metaspace       used 113518K, committed 115392K, reserved 1179648K
  class space    used 16015K, committed 16768K, reserved 1048576K
}
Event: 944.095 GC heap after
{Heap after GC invocations=66 (full 0):
 garbage-first heap   total 237568K, used 85787K [0x0000000604c00000, 0x0000000800000000)
  region size 4096K, 2 young (8192K), 2 survivors (8192K)
 Metaspace       used 113518K, committed 115392K, reserved 1179648K
  class space    used 16015K, committed 16768K, reserved 1048576K
}
Event: 1036.356 GC heap before
{Heap before GC invocations=66 (full 0):
 garbage-first heap   total 237568K, used 208667K [0x0000000604c00000, 0x0000000800000000)
  region size 4096K, 32 young (131072K), 2 survivors (8192K)
 Metaspace       used 113518K, committed 115392K, reserved 1179648K
  class space    used 16015K, committed 16768K, reserved 1048576K
}
Event: 1036.361 GC heap after
{Heap after GC invocations=67 (full 0):
 garbage-first heap   total 237568K, used 85580K [0x0000000604c00000, 0x0000000800000000)
  region size 4096K, 2 young (8192K), 2 survivors (8192K)
 Metaspace       used 113518K, committed 115392K, reserved 1179648K
  class space    used 16015K, committed 16768K, reserved 1048576K
}

