# JRE version: OpenJDK Runtime Environment Temurin-21.0.6+7 (21.0.6+7) (build 21.0.6+7-LTS)
# Java VM: OpenJDK 64-Bit Server VM Temurin-21.0.6+7 (21.0.6+7-LTS, mixed mode, emulated-client, sharing, tiered, compressed oops, compressed class ptrs, g1 gc, windows-amd64)
GC Precious Log:
 CardTable entry size: 512
 Card Set container configuration: InlinePtr #cards 4 size 8 Array Of Cards #cards 32 size 80 Howl #buckets 8 coarsen threshold 7372 Howl Bitmap #cards 1024 size 144 coarsen threshold 921 Card regions per heap region 1 cards per card region 8192
 CPUs: 16 total, 16 available
 Memory: 32454M
 Large Page Support: Disabled
 NUMA Support: Disabled
 Compressed Oops: Enabled (Zero based)
 Heap Region Size: 4M
 Heap Min Capacity: 8M
 Heap Initial Capacity: 508M
 Heap Max Capacity: 8116M
 Pre-touch: Disabled
 Parallel Workers: 13
 Concurrent Workers: 3
 Concurrent Refinement Workers: 13
 Periodic GC: Disabled
Heap:
 garbage-first heap   total 274432K, used 84267K [0x0000000604c00000, 0x0000000800000000)
  region size 4096K, 2 young (8192K), 1 survivors (4096K)
 Metaspace       used 113375K, committed 115136K, reserved 1179648K
  class space    used 15862K, committed 16640K, reserved 1048576K
GC Heap History (20 events):
Event: 902.054 GC heap before
{Heap before GC invocations=39 (full 0):
 garbage-first heap   total 274432K, used 242193K [0x0000000604c00000, 0x0000000800000000)
  region size 4096K, 40 young (163840K), 2 survivors (8192K)
 Metaspace       used 113387K, committed 115136K, reserved 1179648K
  class space    used 15868K, committed 16640K, reserved 1048576K
}
Event: 902.057 GC heap after
{Heap after GC invocations=40 (full 0):
 garbage-first heap   total 274432K, used 86657K [0x0000000604c00000, 0x0000000800000000)
  region size 4096K, 2 young (8192K), 2 survivors (8192K)
 Metaspace       used 113387K, committed 115136K, reserved 1179648K
  class space    used 15868K, committed 16640K, reserved 1048576K
}
Event: 999.069 GC heap before
{Heap before GC invocations=41 (full 0):
 garbage-first heap   total 274432K, used 242305K [0x0000000604c00000, 0x0000000800000000)
  region size 4096K, 40 young (163840K), 2 survivors (8192K)
 Metaspace       used 113385K, committed 115136K, reserved 1179648K
  class space    used 15868K, committed 16640K, reserved 1048576K
}
Event: 999.072 GC heap after
{Heap after GC invocations=42 (full 0):
 garbage-first heap   total 274432K, used 86297K [0x0000000604c00000, 0x0000000800000000)
  region size 4096K, 2 young (8192K), 2 survivors (8192K)
 Metaspace       used 113385K, committed 115136K, reserved 1179648K
  class space    used 15868K, committed 16640K, reserved 1048576K
}
Event: 1113.347 GC heap before
{Heap before GC invocations=42 (full 0):
 garbage-first heap   total 274432K, used 241945K [0x0000000604c00000, 0x0000000800000000)
  region size 4096K, 40 young (163840K), 2 survivors (8192K)
 Metaspace       used 113385K, committed 115136K, reserved 1179648K
  class space    used 15868K, committed 16640K, reserved 1048576K
}
Event: 1113.357 GC heap after
{Heap after GC invocations=43 (full 0):
 garbage-first heap   total 274432K, used 84906K [0x0000000604c00000, 0x0000000800000000)
  region size 4096K, 2 young (8192K), 2 survivors (8192K)
 Metaspace       used 113385K, committed 115136K, reserved 1179648K
  class space    used 15868K, committed 16640K, reserved 1048576K
}
Event: 1228.409 GC heap before
{Heap before GC invocations=43 (full 0):
 garbage-first heap   total 274432K, used 240554K [0x0000000604c00000, 0x0000000800000000)
  region size 4096K, 40 young (163840K), 2 survivors (8192K)
 Metaspace       used 113395K, committed 115136K, reserved 1179648K
  class space    used 15869K, committed 16640K, reserved 1048576K
}
Event: 1228.417 GC heap after
{Heap after GC invocations=44 (full 0):
 garbage-first heap   total 274432K, used 84572K [0x0000000604c00000, 0x0000000800000000)
  region size 4096K, 2 young (8192K), 2 survivors (8192K)
 Metaspace       used 113395K, committed 115136K, reserved 1179648K
  class space    used 15869K, committed 16640K, reserved 1048576K
}
Event: 1340.967 GC heap before
{Heap before GC invocations=45 (full 0):
 garbage-first heap   total 274432K, used 240220K [0x0000000604c00000, 0x0000000800000000)
  region size 4096K, 40 young (163840K), 2 survivors (8192K)
 Metaspace       used 113395K, committed 115136K, reserved 1179648K
  class space    used 15869K, committed 16640K, reserved 1048576K
}
Event: 1340.972 GC heap after
{Heap after GC invocations=46 (full 0):
 garbage-first heap   total 274432K, used 84942K [0x0000000604c00000, 0x0000000800000000)
  region size 4096K, 2 young (8192K), 2 survivors (8192K)
 Metaspace       used 113395K, committed 115136K, reserved 1179648K
  class space    used 15869K, committed 16640K, reserved 1048576K
}
Event: 1456.516 GC heap before
{Heap before GC invocations=46 (full 0):
 garbage-first heap   total 274432K, used 240590K [0x0000000604c00000, 0x0000000800000000)
  region size 4096K, 40 young (163840K), 2 survivors (8192K)
 Metaspace       used 113401K, committed 115136K, reserved 1179648K
  class space    used 15871K, committed 16640K, reserved 1048576K
}
Event: 1456.528 GC heap after
{Heap after GC invocations=47 (full 0):
 garbage-first heap   total 274432K, used 84011K [0x0000000604c00000, 0x0000000800000000)
  region size 4096K, 2 young (8192K), 2 survivors (8192K)
 Metaspace       used 113401K, committed 115136K, reserved 1179648K
  class space    used 15871K, committed 16640K, reserved 1048576K
}
Event: 1566.543 GC heap before
{Heap before GC invocations=47 (full 0):
 garbage-first heap   total 274432K, used 239659K [0x0000000604c00000, 0x0000000800000000)
  region size 4096K, 40 young (163840K), 2 survivors (8192K)
 Metaspace       used 113414K, committed 115136K, reserved 1179648K
  class space    used 15873K, committed 16640K, reserved 1048576K
}
Event: 1566.548 GC heap after
{Heap after GC invocations=48 (full 0):
 garbage-first heap   total 274432K, used 84555K [0x0000000604c00000, 0x0000000800000000)
  region size 4096K, 2 young (8192K), 2 survivors (8192K)
 Metaspace       used 113414K, committed 115136K, reserved 1179648K
  class space    used 15873K, committed 16640K, reserved 1048576K
}
Event: 1680.764 GC heap before
{Heap before GC invocations=49 (full 0):
 garbage-first heap   total 274432K, used 240203K [0x0000000604c00000, 0x0000000800000000)
  region size 4096K, 40 young (163840K), 2 survivors (8192K)
 Metaspace       used 113414K, committed 115136K, reserved 1179648K
  class space    used 15873K, committed 16640K, reserved 1048576K
}
Event: 1680.772 GC heap after
{Heap after GC invocations=50 (full 0):
 garbage-first heap   total 274432K, used 84830K [0x0000000604c00000, 0x0000000800000000)
  region size 4096K, 2 young (8192K), 2 survivors (8192K)
 Metaspace       used 113414K, committed 115136K, reserved 1179648K
  class space    used 15873K, committed 16640K, reserved 1048576K
}
Event: 1796.101 GC heap before
{Heap before GC invocations=50 (full 0):
 garbage-first heap   total 274432K, used 240478K [0x0000000604c00000, 0x0000000800000000)
  region size 4096K, 40 young (163840K), 2 survivors (8192K)
 Metaspace       used 113414K, committed 115136K, reserved 1179648K
  class space    used 15873K, committed 16640K, reserved 1048576K
}
Event: 1796.110 GC heap after
{Heap after GC invocations=51 (full 0):
 garbage-first heap   total 274432K, used 84587K [0x0000000604c00000, 0x0000000800000000)
  region size 4096K, 2 young (8192K), 2 survivors (8192K)
 Metaspace       used 113414K, committed 115136K, reserved 1179648K
  class space    used 15873K, committed 16640K, reserved 1048576K
}
Event: 1840.709 GC heap before
{Heap before GC invocations=51 (full 0):
 garbage-first heap   total 274432K, used 146027K [0x0000000604c00000, 0x0000000800000000)
  region size 4096K, 18 young (73728K), 2 survivors (8192K)
 Metaspace       used 113424K, committed 115136K, reserved 1179648K
  class space    used 15874K, committed 16640K, reserved 1048576K
}
Event: 1840.713 GC heap after
{Heap after GC invocations=52 (full 0):
 garbage-first heap   total 274432K, used 84267K [0x0000000604c00000, 0x0000000800000000)
  region size 4096K, 1 young (4096K), 1 survivors (4096K)
 Metaspace       used 113424K, committed 115136K, reserved 1179648K
  class space    used 15874K, committed 16640K, reserved 1048576K
}

