# JRE version: OpenJDK Runtime Environment Temurin-21.0.6+7 (21.0.6+7) (build 21.0.6+7-LTS)
# Java VM: OpenJDK 64-Bit Server VM Temurin-21.0.6+7 (21.0.6+7-LTS, mixed mode, emulated-client, sharing, tiered, compressed oops, compressed class ptrs, g1 gc, windows-amd64)
GC Precious Log:
 CardTable entry size: 512
 Card Set container configuration: InlinePtr #cards 4 size 8 Array Of Cards #cards 32 size 80 Howl #buckets 8 coarsen threshold 7372 Howl Bitmap #cards 1024 size 144 coarsen threshold 921 Card regions per heap region 1 cards per card region 8192
 CPUs: 16 total, 16 available
 Memory: 32454M
 Large Page Support: Disabled
 NUMA Support: Disabled
 Compressed Oops: Enabled (Zero based)
 Heap Region Size: 4M
 Heap Min Capacity: 8M
 Heap Initial Capacity: 508M
 Heap Max Capacity: 8116M
 Pre-touch: Disabled
 Parallel Workers: 13
 Concurrent Workers: 3
 Concurrent Refinement Workers: 13
 Periodic GC: Disabled
Heap:
 garbage-first heap   total 262144K, used 61196K [0x0000000604c00000, 0x0000000800000000)
  region size 4096K, 1 young (4096K), 0 survivors (0K)
 Metaspace       used 100425K, committed 102784K, reserved 1179648K
  class space    used 14024K, committed 14848K, reserved 1048576K
GC Heap History (20 events):
Event: 11.839 GC heap before
{Heap before GC invocations=27 (full 0):
 garbage-first heap   total 303104K, used 256424K [0x0000000604c00000, 0x0000000800000000)
  region size 4096K, 44 young (180224K), 2 survivors (8192K)
 Metaspace       used 80582K, committed 81344K, reserved 1179648K
  class space    used 11460K, committed 11776K, reserved 1048576K
}
Event: 11.842 GC heap after
{Heap after GC invocations=28 (full 0):
 garbage-first heap   total 303104K, used 92900K [0x0000000604c00000, 0x0000000800000000)
  region size 4096K, 4 young (16384K), 4 survivors (16384K)
 Metaspace       used 80582K, committed 81344K, reserved 1179648K
  class space    used 11460K, committed 11776K, reserved 1048576K
}
Event: 12.073 GC heap before
{Heap before GC invocations=28 (full 0):
 garbage-first heap   total 303104K, used 256740K [0x0000000604c00000, 0x0000000800000000)
  region size 4096K, 44 young (180224K), 4 survivors (16384K)
 Metaspace       used 80960K, committed 81728K, reserved 1179648K
  class space    used 11574K, committed 11904K, reserved 1048576K
}
Event: 12.077 GC heap after
{Heap after GC invocations=29 (full 0):
 garbage-first heap   total 303104K, used 84559K [0x0000000604c00000, 0x0000000800000000)
  region size 4096K, 3 young (12288K), 3 survivors (12288K)
 Metaspace       used 80960K, committed 81728K, reserved 1179648K
  class space    used 11574K, committed 11904K, reserved 1048576K
}
Event: 12.267 GC heap before
{Heap before GC invocations=29 (full 0):
 garbage-first heap   total 303104K, used 252495K [0x0000000604c00000, 0x0000000800000000)
  region size 4096K, 44 young (180224K), 3 survivors (12288K)
 Metaspace       used 80961K, committed 81728K, reserved 1179648K
  class space    used 11574K, committed 11904K, reserved 1048576K
}
Event: 12.271 GC heap after
{Heap after GC invocations=30 (full 0):
 garbage-first heap   total 303104K, used 85998K [0x0000000604c00000, 0x0000000800000000)
  region size 4096K, 4 young (16384K), 4 survivors (16384K)
 Metaspace       used 80961K, committed 81728K, reserved 1179648K
  class space    used 11574K, committed 11904K, reserved 1048576K
}
Event: 12.551 GC heap before
{Heap before GC invocations=30 (full 0):
 garbage-first heap   total 303104K, used 249838K [0x0000000604c00000, 0x0000000800000000)
  region size 4096K, 44 young (180224K), 4 survivors (16384K)
 Metaspace       used 81138K, committed 81920K, reserved 1179648K
  class space    used 11614K, committed 11968K, reserved 1048576K
}
Event: 12.556 GC heap after
{Heap after GC invocations=31 (full 0):
 garbage-first heap   total 364544K, used 91608K [0x0000000604c00000, 0x0000000800000000)
  region size 4096K, 5 young (20480K), 5 survivors (20480K)
 Metaspace       used 81138K, committed 81920K, reserved 1179648K
  class space    used 11614K, committed 11968K, reserved 1048576K
}
Event: 13.054 GC heap before
{Heap before GC invocations=31 (full 0):
 garbage-first heap   total 364544K, used 288216K [0x0000000604c00000, 0x0000000800000000)
  region size 4096K, 53 young (217088K), 5 survivors (20480K)
 Metaspace       used 83096K, committed 83968K, reserved 1179648K
  class space    used 11820K, committed 12224K, reserved 1048576K
}
Event: 13.058 GC heap after
{Heap after GC invocations=32 (full 0):
 garbage-first heap   total 364544K, used 93033K [0x0000000604c00000, 0x0000000800000000)
  region size 4096K, 4 young (16384K), 4 survivors (16384K)
 Metaspace       used 83096K, committed 83968K, reserved 1179648K
  class space    used 11820K, committed 12224K, reserved 1048576K
}
Event: 13.222 GC heap before
{Heap before GC invocations=32 (full 0):
 garbage-first heap   total 364544K, used 125801K [0x0000000604c00000, 0x0000000800000000)
  region size 4096K, 13 young (53248K), 4 survivors (16384K)
 Metaspace       used 84055K, committed 84992K, reserved 1179648K
  class space    used 11904K, committed 12352K, reserved 1048576K
}
Event: 13.225 GC heap after
{Heap after GC invocations=33 (full 0):
 garbage-first heap   total 364544K, used 95372K [0x0000000604c00000, 0x0000000800000000)
  region size 4096K, 4 young (16384K), 4 survivors (16384K)
 Metaspace       used 84055K, committed 84992K, reserved 1179648K
  class space    used 11904K, committed 12352K, reserved 1048576K
}
Event: 17.221 GC heap before
{Heap before GC invocations=34 (full 0):
 garbage-first heap   total 327680K, used 275596K [0x0000000604c00000, 0x0000000800000000)
  region size 4096K, 48 young (196608K), 4 survivors (16384K)
 Metaspace       used 94703K, committed 96000K, reserved 1179648K
  class space    used 13338K, committed 13952K, reserved 1048576K
}
Event: 17.227 GC heap after
{Heap after GC invocations=35 (full 0):
 garbage-first heap   total 327680K, used 106244K [0x0000000604c00000, 0x0000000800000000)
  region size 4096K, 6 young (24576K), 6 survivors (24576K)
 Metaspace       used 94703K, committed 96000K, reserved 1179648K
  class space    used 13338K, committed 13952K, reserved 1048576K
}
Event: 109.317 GC heap before
{Heap before GC invocations=35 (full 0):
 garbage-first heap   total 327680K, used 274180K [0x0000000604c00000, 0x0000000800000000)
  region size 4096K, 48 young (196608K), 6 survivors (24576K)
 Metaspace       used 101386K, committed 102656K, reserved 1179648K
  class space    used 14249K, committed 14848K, reserved 1048576K
}
Event: 109.336 GC heap after
{Heap after GC invocations=36 (full 0):
 garbage-first heap   total 327680K, used 105827K [0x0000000604c00000, 0x0000000800000000)
  region size 4096K, 4 young (16384K), 4 survivors (16384K)
 Metaspace       used 101386K, committed 102656K, reserved 1179648K
  class space    used 14249K, committed 14848K, reserved 1048576K
}
Event: 239.272 GC heap before
{Heap before GC invocations=36 (full 0):
 garbage-first heap   total 327680K, used 286051K [0x0000000604c00000, 0x0000000800000000)
  region size 4096K, 48 young (196608K), 4 survivors (16384K)
 Metaspace       used 101392K, committed 102656K, reserved 1179648K
  class space    used 14250K, committed 14848K, reserved 1048576K
}
Event: 239.281 GC heap after
{Heap after GC invocations=37 (full 0):
 garbage-first heap   total 327680K, used 104585K [0x0000000604c00000, 0x0000000800000000)
  region size 4096K, 4 young (16384K), 4 survivors (16384K)
 Metaspace       used 101392K, committed 102656K, reserved 1179648K
  class space    used 14250K, committed 14848K, reserved 1048576K
}
Event: 298.385 GC heap before
{Heap before GC invocations=37 (full 0):
 garbage-first heap   total 327680K, used 182409K [0x0000000604c00000, 0x0000000800000000)
  region size 4096K, 24 young (98304K), 4 survivors (16384K)
 Metaspace       used 101482K, committed 102784K, reserved 1179648K
  class space    used 14269K, committed 14848K, reserved 1048576K
}
Event: 298.462 GC heap after
{Heap after GC invocations=38 (full 1):
 garbage-first heap   total 262144K, used 61196K [0x0000000604c00000, 0x0000000800000000)
  region size 4096K, 0 young (0K), 0 survivors (0K)
 Metaspace       used 100411K, committed 102784K, reserved 1179648K
  class space    used 14021K, committed 14848K, reserved 1048576K
}

