# JRE version: OpenJDK Runtime Environment Temurin-21.0.6+7 (21.0.6+7) (build 21.0.6+7-LTS)
# Java VM: OpenJDK 64-Bit Server VM Temurin-21.0.6+7 (21.0.6+7-LTS, mixed mode, emulated-client, sharing, tiered, compressed oops, compressed class ptrs, g1 gc, windows-amd64)
GC Precious Log:
 CardTable entry size: 512
 Card Set container configuration: InlinePtr #cards 4 size 8 Array Of Cards #cards 32 size 80 Howl #buckets 8 coarsen threshold 7372 Howl Bitmap #cards 1024 size 144 coarsen threshold 921 Card regions per heap region 1 cards per card region 8192
 CPUs: 16 total, 16 available
 Memory: 32454M
 Large Page Support: Disabled
 NUMA Support: Disabled
 Compressed Oops: Enabled (Zero based)
 Heap Region Size: 4M
 Heap Min Capacity: 8M
 Heap Initial Capacity: 508M
 Heap Max Capacity: 8116M
 Pre-touch: Disabled
 Parallel Workers: 13
 Concurrent Workers: 3
 Concurrent Refinement Workers: 13
 Periodic GC: Disabled
Heap:
 garbage-first heap   total 217088K, used 84152K [0x0000000604c00000, 0x0000000800000000)
  region size 4096K, 3 young (12288K), 2 survivors (8192K)
 Metaspace       used 111985K, committed 113152K, reserved 1179648K
  class space    used 15823K, committed 16320K, reserved 1048576K
GC Heap History (20 events):
Event: 750.354 GC heap before
{Heap before GC invocations=57 (full 0):
 garbage-first heap   total 217088K, used 156374K [0x0000000604c00000, 0x0000000800000000)
  region size 4096K, 20 young (81920K), 2 survivors (8192K)
 Metaspace       used 112036K, committed 113152K, reserved 1179648K
  class space    used 15839K, committed 16320K, reserved 1048576K
}
Event: 750.359 GC heap after
{Heap after GC invocations=58 (full 0):
 garbage-first heap   total 217088K, used 87421K [0x0000000604c00000, 0x0000000800000000)
  region size 4096K, 2 young (8192K), 2 survivors (8192K)
 Metaspace       used 112036K, committed 113152K, reserved 1179648K
  class space    used 15839K, committed 16320K, reserved 1048576K
}
Event: 820.522 GC heap before
{Heap before GC invocations=59 (full 0):
 garbage-first heap   total 217088K, used 189821K [0x0000000604c00000, 0x0000000800000000)
  region size 4096K, 27 young (110592K), 2 survivors (8192K)
 Metaspace       used 111961K, committed 113152K, reserved 1179648K
  class space    used 15819K, committed 16320K, reserved 1048576K
}
Event: 820.527 GC heap after
{Heap after GC invocations=60 (full 0):
 garbage-first heap   total 217088K, used 87044K [0x0000000604c00000, 0x0000000800000000)
  region size 4096K, 2 young (8192K), 2 survivors (8192K)
 Metaspace       used 111961K, committed 113152K, reserved 1179648K
  class space    used 15819K, committed 16320K, reserved 1048576K
}
Event: 892.526 GC heap before
{Heap before GC invocations=60 (full 0):
 garbage-first heap   total 217088K, used 189444K [0x0000000604c00000, 0x0000000800000000)
  region size 4096K, 27 young (110592K), 2 survivors (8192K)
 Metaspace       used 111961K, committed 113152K, reserved 1179648K
  class space    used 15819K, committed 16320K, reserved 1048576K
}
Event: 892.538 GC heap after
{Heap after GC invocations=61 (full 0):
 garbage-first heap   total 217088K, used 85762K [0x0000000604c00000, 0x0000000800000000)
  region size 4096K, 2 young (8192K), 2 survivors (8192K)
 Metaspace       used 111961K, committed 113152K, reserved 1179648K
  class space    used 15819K, committed 16320K, reserved 1048576K
}
Event: 955.222 GC heap before
{Heap before GC invocations=61 (full 0):
 garbage-first heap   total 217088K, used 188162K [0x0000000604c00000, 0x0000000800000000)
  region size 4096K, 27 young (110592K), 2 survivors (8192K)
 Metaspace       used 111971K, committed 113152K, reserved 1179648K
  class space    used 15821K, committed 16320K, reserved 1048576K
}
Event: 955.226 GC heap after
{Heap after GC invocations=62 (full 0):
 garbage-first heap   total 217088K, used 84981K [0x0000000604c00000, 0x0000000800000000)
  region size 4096K, 2 young (8192K), 2 survivors (8192K)
 Metaspace       used 111971K, committed 113152K, reserved 1179648K
  class space    used 15821K, committed 16320K, reserved 1048576K
}
Event: 1027.589 GC heap before
{Heap before GC invocations=63 (full 0):
 garbage-first heap   total 217088K, used 187381K [0x0000000604c00000, 0x0000000800000000)
  region size 4096K, 27 young (110592K), 2 survivors (8192K)
 Metaspace       used 111971K, committed 113152K, reserved 1179648K
  class space    used 15821K, committed 16320K, reserved 1048576K
}
Event: 1027.594 GC heap after
{Heap after GC invocations=64 (full 0):
 garbage-first heap   total 217088K, used 85453K [0x0000000604c00000, 0x0000000800000000)
  region size 4096K, 2 young (8192K), 2 survivors (8192K)
 Metaspace       used 111971K, committed 113152K, reserved 1179648K
  class space    used 15821K, committed 16320K, reserved 1048576K
}
Event: 1100.208 GC heap before
{Heap before GC invocations=64 (full 0):
 garbage-first heap   total 217088K, used 187853K [0x0000000604c00000, 0x0000000800000000)
  region size 4096K, 27 young (110592K), 2 survivors (8192K)
 Metaspace       used 111971K, committed 113152K, reserved 1179648K
  class space    used 15821K, committed 16320K, reserved 1048576K
}
Event: 1100.219 GC heap after
{Heap after GC invocations=65 (full 0):
 garbage-first heap   total 217088K, used 84294K [0x0000000604c00000, 0x0000000800000000)
  region size 4096K, 2 young (8192K), 2 survivors (8192K)
 Metaspace       used 111971K, committed 113152K, reserved 1179648K
  class space    used 15821K, committed 16320K, reserved 1048576K
}
Event: 1172.475 GC heap before
{Heap before GC invocations=65 (full 0):
 garbage-first heap   total 217088K, used 186694K [0x0000000604c00000, 0x0000000800000000)
  region size 4096K, 27 young (110592K), 2 survivors (8192K)
 Metaspace       used 111971K, committed 113152K, reserved 1179648K
  class space    used 15821K, committed 16320K, reserved 1048576K
}
Event: 1172.483 GC heap after
{Heap after GC invocations=66 (full 0):
 garbage-first heap   total 217088K, used 84397K [0x0000000604c00000, 0x0000000800000000)
  region size 4096K, 2 young (8192K), 2 survivors (8192K)
 Metaspace       used 111971K, committed 113152K, reserved 1179648K
  class space    used 15821K, committed 16320K, reserved 1048576K
}
Event: 1240.994 GC heap before
{Heap before GC invocations=67 (full 0):
 garbage-first heap   total 217088K, used 186797K [0x0000000604c00000, 0x0000000800000000)
  region size 4096K, 27 young (110592K), 2 survivors (8192K)
 Metaspace       used 111981K, committed 113152K, reserved 1179648K
  class space    used 15823K, committed 16320K, reserved 1048576K
}
Event: 1241.000 GC heap after
{Heap after GC invocations=68 (full 0):
 garbage-first heap   total 217088K, used 84630K [0x0000000604c00000, 0x0000000800000000)
  region size 4096K, 2 young (8192K), 2 survivors (8192K)
 Metaspace       used 111981K, committed 113152K, reserved 1179648K
  class space    used 15823K, committed 16320K, reserved 1048576K
}
Event: 1307.209 GC heap before
{Heap before GC invocations=68 (full 0):
 garbage-first heap   total 217088K, used 187030K [0x0000000604c00000, 0x0000000800000000)
  region size 4096K, 27 young (110592K), 2 survivors (8192K)
 Metaspace       used 111985K, committed 113152K, reserved 1179648K
  class space    used 15823K, committed 16320K, reserved 1048576K
}
Event: 1307.218 GC heap after
{Heap after GC invocations=69 (full 0):
 garbage-first heap   total 217088K, used 83655K [0x0000000604c00000, 0x0000000800000000)
  region size 4096K, 2 young (8192K), 2 survivors (8192K)
 Metaspace       used 111985K, committed 113152K, reserved 1179648K
  class space    used 15823K, committed 16320K, reserved 1048576K
}
Event: 1379.553 GC heap before
{Heap before GC invocations=69 (full 0):
 garbage-first heap   total 217088K, used 186055K [0x0000000604c00000, 0x0000000800000000)
  region size 4096K, 27 young (110592K), 2 survivors (8192K)
 Metaspace       used 111985K, committed 113152K, reserved 1179648K
  class space    used 15823K, committed 16320K, reserved 1048576K
}
Event: 1379.559 GC heap after
{Heap after GC invocations=70 (full 0):
 garbage-first heap   total 217088K, used 84152K [0x0000000604c00000, 0x0000000800000000)
  region size 4096K, 2 young (8192K), 2 survivors (8192K)
 Metaspace       used 111985K, committed 113152K, reserved 1179648K
  class space    used 15823K, committed 16320K, reserved 1048576K
}

