# JRE version: OpenJDK Runtime Environment Temurin-21.0.6+7 (21.0.6+7) (build 21.0.6+7-LTS)
# Java VM: OpenJDK 64-Bit Server VM Temurin-21.0.6+7 (21.0.6+7-LTS, mixed mode, emulated-client, sharing, tiered, compressed oops, compressed class ptrs, g1 gc, windows-amd64)
GC Precious Log:
 CardTable entry size: 512
 Card Set container configuration: InlinePtr #cards 4 size 8 Array Of Cards #cards 32 size 80 Howl #buckets 8 coarsen threshold 7372 Howl Bitmap #cards 1024 size 144 coarsen threshold 921 Card regions per heap region 1 cards per card region 8192
 CPUs: 16 total, 16 available
 Memory: 32454M
 Large Page Support: Disabled
 NUMA Support: Disabled
 Compressed Oops: Enabled (Zero based)
 Heap Region Size: 4M
 Heap Min Capacity: 8M
 Heap Initial Capacity: 508M
 Heap Max Capacity: 8116M
 Pre-touch: Disabled
 Parallel Workers: 13
 Concurrent Workers: 3
 Concurrent Refinement Workers: 13
 Periodic GC: Disabled
Heap:
 garbage-first heap   total 327680K, used 91905K [0x0000000604c00000, 0x0000000800000000)
  region size 4096K, 2 young (8192K), 1 survivors (4096K)
 Metaspace       used 106160K, committed 107776K, reserved 1179648K
  class space    used 14812K, committed 15552K, reserved 1048576K
GC Heap History (20 events):
Event: 1245.794 GC heap before
{Heap before GC invocations=52 (full 0):
 garbage-first heap   total 344064K, used 248634K [0x0000000604c00000, 0x0000000800000000)
  region size 4096K, 40 young (163840K), 2 survivors (8192K)
 Metaspace       used 106119K, committed 107776K, reserved 1179648K
  class space    used 14802K, committed 15552K, reserved 1048576K
}
Event: 1245.798 GC heap after
{Heap after GC invocations=53 (full 0):
 garbage-first heap   total 344064K, used 97053K [0x0000000604c00000, 0x0000000800000000)
  region size 4096K, 2 young (8192K), 2 survivors (8192K)
 Metaspace       used 106119K, committed 107776K, reserved 1179648K
  class space    used 14802K, committed 15552K, reserved 1048576K
}
Event: 1362.090 GC heap before
{Heap before GC invocations=54 (full 0):
 garbage-first heap   total 344064K, used 293661K [0x0000000604c00000, 0x0000000800000000)
  region size 4096K, 50 young (204800K), 2 survivors (8192K)
 Metaspace       used 106125K, committed 107776K, reserved 1179648K
  class space    used 14803K, committed 15552K, reserved 1048576K
}
Event: 1362.093 GC heap after
{Heap after GC invocations=55 (full 0):
 garbage-first heap   total 344064K, used 96983K [0x0000000604c00000, 0x0000000800000000)
  region size 4096K, 2 young (8192K), 2 survivors (8192K)
 Metaspace       used 106125K, committed 107776K, reserved 1179648K
  class space    used 14803K, committed 15552K, reserved 1048576K
}
Event: 1480.964 GC heap before
{Heap before GC invocations=55 (full 0):
 garbage-first heap   total 344064K, used 293591K [0x0000000604c00000, 0x0000000800000000)
  region size 4096K, 50 young (204800K), 2 survivors (8192K)
 Metaspace       used 106130K, committed 107776K, reserved 1179648K
  class space    used 14804K, committed 15552K, reserved 1048576K
}
Event: 1480.967 GC heap after
{Heap after GC invocations=56 (full 0):
 garbage-first heap   total 344064K, used 95850K [0x0000000604c00000, 0x0000000800000000)
  region size 4096K, 2 young (8192K), 2 survivors (8192K)
 Metaspace       used 106130K, committed 107776K, reserved 1179648K
  class space    used 14804K, committed 15552K, reserved 1048576K
}
Event: 1596.664 GC heap before
{Heap before GC invocations=56 (full 0):
 garbage-first heap   total 344064K, used 292458K [0x0000000604c00000, 0x0000000800000000)
  region size 4096K, 50 young (204800K), 2 survivors (8192K)
 Metaspace       used 106134K, committed 107776K, reserved 1179648K
  class space    used 14805K, committed 15552K, reserved 1048576K
}
Event: 1596.666 GC heap after
{Heap after GC invocations=57 (full 0):
 garbage-first heap   total 344064K, used 96231K [0x0000000604c00000, 0x0000000800000000)
  region size 4096K, 2 young (8192K), 2 survivors (8192K)
 Metaspace       used 106134K, committed 107776K, reserved 1179648K
  class space    used 14805K, committed 15552K, reserved 1048576K
}
Event: 1711.048 GC heap before
{Heap before GC invocations=58 (full 0):
 garbage-first heap   total 327680K, used 284647K [0x0000000604c00000, 0x0000000800000000)
  region size 4096K, 48 young (196608K), 2 survivors (8192K)
 Metaspace       used 106134K, committed 107776K, reserved 1179648K
  class space    used 14805K, committed 15552K, reserved 1048576K
}
Event: 1711.053 GC heap after
{Heap after GC invocations=59 (full 0):
 garbage-first heap   total 327680K, used 95896K [0x0000000604c00000, 0x0000000800000000)
  region size 4096K, 2 young (8192K), 2 survivors (8192K)
 Metaspace       used 106134K, committed 107776K, reserved 1179648K
  class space    used 14805K, committed 15552K, reserved 1048576K
}
Event: 1824.929 GC heap before
{Heap before GC invocations=59 (full 0):
 garbage-first heap   total 327680K, used 284312K [0x0000000604c00000, 0x0000000800000000)
  region size 4096K, 48 young (196608K), 2 survivors (8192K)
 Metaspace       used 106134K, committed 107776K, reserved 1179648K
  class space    used 14805K, committed 15552K, reserved 1048576K
}
Event: 1824.936 GC heap after
{Heap after GC invocations=60 (full 0):
 garbage-first heap   total 327680K, used 92686K [0x0000000604c00000, 0x0000000800000000)
  region size 4096K, 2 young (8192K), 2 survivors (8192K)
 Metaspace       used 106134K, committed 107776K, reserved 1179648K
  class space    used 14805K, committed 15552K, reserved 1048576K
}
Event: 1934.914 GC heap before
{Heap before GC invocations=60 (full 0):
 garbage-first heap   total 327680K, used 281102K [0x0000000604c00000, 0x0000000800000000)
  region size 4096K, 48 young (196608K), 2 survivors (8192K)
 Metaspace       used 106136K, committed 107776K, reserved 1179648K
  class space    used 14806K, committed 15552K, reserved 1048576K
}
Event: 1934.917 GC heap after
{Heap after GC invocations=61 (full 0):
 garbage-first heap   total 327680K, used 93539K [0x0000000604c00000, 0x0000000800000000)
  region size 4096K, 1 young (4096K), 1 survivors (4096K)
 Metaspace       used 106136K, committed 107776K, reserved 1179648K
  class space    used 14806K, committed 15552K, reserved 1048576K
}
Event: 2056.891 GC heap before
{Heap before GC invocations=62 (full 0):
 garbage-first heap   total 327680K, used 286051K [0x0000000604c00000, 0x0000000800000000)
  region size 4096K, 48 young (196608K), 1 survivors (4096K)
 Metaspace       used 106136K, committed 107776K, reserved 1179648K
  class space    used 14806K, committed 15552K, reserved 1048576K
}
Event: 2056.894 GC heap after
{Heap after GC invocations=63 (full 0):
 garbage-first heap   total 327680K, used 93224K [0x0000000604c00000, 0x0000000800000000)
  region size 4096K, 1 young (4096K), 1 survivors (4096K)
 Metaspace       used 106136K, committed 107776K, reserved 1179648K
  class space    used 14806K, committed 15552K, reserved 1048576K
}
Event: 2188.057 GC heap before
{Heap before GC invocations=63 (full 0):
 garbage-first heap   total 327680K, used 285736K [0x0000000604c00000, 0x0000000800000000)
  region size 4096K, 48 young (196608K), 1 survivors (4096K)
 Metaspace       used 106136K, committed 107776K, reserved 1179648K
  class space    used 14806K, committed 15552K, reserved 1048576K
}
Event: 2188.062 GC heap after
{Heap after GC invocations=64 (full 0):
 garbage-first heap   total 327680K, used 91814K [0x0000000604c00000, 0x0000000800000000)
  region size 4096K, 1 young (4096K), 1 survivors (4096K)
 Metaspace       used 106136K, committed 107776K, reserved 1179648K
  class space    used 14806K, committed 15552K, reserved 1048576K
}
Event: 2319.532 GC heap before
{Heap before GC invocations=64 (full 0):
 garbage-first heap   total 327680K, used 284326K [0x0000000604c00000, 0x0000000800000000)
  region size 4096K, 48 young (196608K), 1 survivors (4096K)
 Metaspace       used 106160K, committed 107776K, reserved 1179648K
  class space    used 14812K, committed 15552K, reserved 1048576K
}
Event: 2319.535 GC heap after
{Heap after GC invocations=65 (full 0):
 garbage-first heap   total 327680K, used 91905K [0x0000000604c00000, 0x0000000800000000)
  region size 4096K, 1 young (4096K), 1 survivors (4096K)
 Metaspace       used 106160K, committed 107776K, reserved 1179648K
  class space    used 14812K, committed 15552K, reserved 1048576K
}

