# JRE version: OpenJDK Runtime Environment Temurin-21.0.6+7 (21.0.6+7) (build 21.0.6+7-LTS)
# Java VM: OpenJDK 64-Bit Server VM Temurin-21.0.6+7 (21.0.6+7-LTS, mixed mode, emulated-client, sharing, tiered, compressed oops, compressed class ptrs, g1 gc, windows-amd64)
GC Precious Log:
 CardTable entry size: 512
 Card Set container configuration: InlinePtr #cards 4 size 8 Array Of Cards #cards 32 size 80 Howl #buckets 8 coarsen threshold 7372 Howl Bitmap #cards 1024 size 144 coarsen threshold 921 Card regions per heap region 1 cards per card region 8192
 CPUs: 16 total, 16 available
 Memory: 32454M
 Large Page Support: Disabled
 NUMA Support: Disabled
 Compressed Oops: Enabled (Zero based)
 Heap Region Size: 4M
 Heap Min Capacity: 8M
 Heap Initial Capacity: 508M
 Heap Max Capacity: 8116M
 Pre-touch: Disabled
 Parallel Workers: 13
 Concurrent Workers: 3
 Concurrent Refinement Workers: 13
 Periodic GC: Disabled
Heap:
 garbage-first heap   total 344064K, used 144715K [0x0000000604c00000, 0x0000000800000000)
  region size 4096K, 13 young (53248K), 2 survivors (8192K)
 Metaspace       used 108034K, committed 109120K, reserved 1179648K
  class space    used 15069K, committed 15616K, reserved 1048576K
GC Heap History (20 events):
Event: 2237.779 GC heap after
{Heap after GC invocations=59 (full 0):
 garbage-first heap   total 368640K, used 103108K [0x0000000604c00000, 0x0000000800000000)
  region size 4096K, 1 young (4096K), 1 survivors (4096K)
 Metaspace       used 105857K, committed 108352K, reserved 1179648K
  class space    used 14692K, committed 15616K, reserved 1048576K
}
Event: 2390.380 GC heap before
{Heap before GC invocations=59 (full 0):
 garbage-first heap   total 368640K, used 320196K [0x0000000604c00000, 0x0000000800000000)
  region size 4096K, 54 young (221184K), 1 survivors (4096K)
 Metaspace       used 105857K, committed 108352K, reserved 1179648K
  class space    used 14692K, committed 15616K, reserved 1048576K
}
Event: 2390.382 GC heap after
{Heap after GC invocations=60 (full 0):
 garbage-first heap   total 368640K, used 102827K [0x0000000604c00000, 0x0000000800000000)
  region size 4096K, 1 young (4096K), 1 survivors (4096K)
 Metaspace       used 105857K, committed 108352K, reserved 1179648K
  class space    used 14692K, committed 15616K, reserved 1048576K
}
Event: 2462.912 GC heap before
{Heap before GC invocations=61 (full 0):
 garbage-first heap   total 368640K, used 209323K [0x0000000604c00000, 0x0000000800000000)
  region size 4096K, 28 young (114688K), 1 survivors (4096K)
 Metaspace       used 105857K, committed 108352K, reserved 1179648K
  class space    used 14692K, committed 15616K, reserved 1048576K
}
Event: 2462.914 GC heap after
{Heap after GC invocations=62 (full 0):
 garbage-first heap   total 368640K, used 103272K [0x0000000604c00000, 0x0000000800000000)
  region size 4096K, 1 young (4096K), 1 survivors (4096K)
 Metaspace       used 105857K, committed 108352K, reserved 1179648K
  class space    used 14692K, committed 15616K, reserved 1048576K
}
Event: 2609.996 GC heap before
{Heap before GC invocations=63 (full 0):
 garbage-first heap   total 368640K, used 320360K [0x0000000604c00000, 0x0000000800000000)
  region size 4096K, 54 young (221184K), 1 survivors (4096K)
 Metaspace       used 105860K, committed 108352K, reserved 1179648K
  class space    used 14693K, committed 15616K, reserved 1048576K
}
Event: 2609.998 GC heap after
{Heap after GC invocations=64 (full 0):
 garbage-first heap   total 368640K, used 102789K [0x0000000604c00000, 0x0000000800000000)
  region size 4096K, 1 young (4096K), 1 survivors (4096K)
 Metaspace       used 105860K, committed 108352K, reserved 1179648K
  class space    used 14693K, committed 15616K, reserved 1048576K
}
Event: 2760.213 GC heap before
{Heap before GC invocations=64 (full 0):
 garbage-first heap   total 368640K, used 319877K [0x0000000604c00000, 0x0000000800000000)
  region size 4096K, 54 young (221184K), 1 survivors (4096K)
 Metaspace       used 105864K, committed 108352K, reserved 1179648K
  class space    used 14693K, committed 15616K, reserved 1048576K
}
Event: 2760.218 GC heap after
{Heap after GC invocations=65 (full 0):
 garbage-first heap   total 368640K, used 100713K [0x0000000604c00000, 0x0000000800000000)
  region size 4096K, 1 young (4096K), 1 survivors (4096K)
 Metaspace       used 105864K, committed 108352K, reserved 1179648K
  class space    used 14693K, committed 15616K, reserved 1048576K
}
Event: 2906.705 GC heap before
{Heap before GC invocations=65 (full 0):
 garbage-first heap   total 368640K, used 317801K [0x0000000604c00000, 0x0000000800000000)
  region size 4096K, 54 young (221184K), 1 survivors (4096K)
 Metaspace       used 105864K, committed 108352K, reserved 1179648K
  class space    used 14693K, committed 15616K, reserved 1048576K
}
Event: 2906.707 GC heap after
{Heap after GC invocations=66 (full 0):
 garbage-first heap   total 368640K, used 100688K [0x0000000604c00000, 0x0000000800000000)
  region size 4096K, 1 young (4096K), 1 survivors (4096K)
 Metaspace       used 105864K, committed 108352K, reserved 1179648K
  class space    used 14693K, committed 15616K, reserved 1048576K
}
Event: 3050.464 GC heap before
{Heap before GC invocations=67 (full 0):
 garbage-first heap   total 356352K, used 309584K [0x0000000604c00000, 0x0000000800000000)
  region size 4096K, 52 young (212992K), 1 survivors (4096K)
 Metaspace       used 105864K, committed 108352K, reserved 1179648K
  class space    used 14693K, committed 15616K, reserved 1048576K
}
Event: 3050.466 GC heap after
{Heap after GC invocations=68 (full 0):
 garbage-first heap   total 356352K, used 100592K [0x0000000604c00000, 0x0000000800000000)
  region size 4096K, 1 young (4096K), 1 survivors (4096K)
 Metaspace       used 105864K, committed 108352K, reserved 1179648K
  class space    used 14693K, committed 15616K, reserved 1048576K
}
Event: 3190.653 GC heap before
{Heap before GC invocations=68 (full 0):
 garbage-first heap   total 356352K, used 309488K [0x0000000604c00000, 0x0000000800000000)
  region size 4096K, 52 young (212992K), 1 survivors (4096K)
 Metaspace       used 105864K, committed 108352K, reserved 1179648K
  class space    used 14693K, committed 15616K, reserved 1048576K
}
Event: 3190.661 GC heap after
{Heap after GC invocations=69 (full 0):
 garbage-first heap   total 356352K, used 98716K [0x0000000604c00000, 0x0000000800000000)
  region size 4096K, 1 young (4096K), 1 survivors (4096K)
 Metaspace       used 105864K, committed 108352K, reserved 1179648K
  class space    used 14693K, committed 15616K, reserved 1048576K
}
Event: 3239.252 GC heap before
{Heap before GC invocations=69 (full 0):
 garbage-first heap   total 356352K, used 168348K [0x0000000604c00000, 0x0000000800000000)
  region size 4096K, 19 young (77824K), 1 survivors (4096K)
 Metaspace       used 105864K, committed 108352K, reserved 1179648K
  class space    used 14693K, committed 15616K, reserved 1048576K
}
Event: 3239.254 GC heap after
{Heap after GC invocations=70 (full 0):
 garbage-first heap   total 356352K, used 98828K [0x0000000604c00000, 0x0000000800000000)
  region size 4096K, 1 young (4096K), 1 survivors (4096K)
 Metaspace       used 105864K, committed 108352K, reserved 1179648K
  class space    used 14693K, committed 15616K, reserved 1048576K
}
Event: 3332.730 GC heap before
{Heap before GC invocations=71 (full 0):
 garbage-first heap   total 344064K, used 299532K [0x0000000604c00000, 0x0000000800000000)
  region size 4096K, 50 young (204800K), 1 survivors (4096K)
 Metaspace       used 107804K, committed 108928K, reserved 1179648K
  class space    used 15022K, committed 15616K, reserved 1048576K
}
Event: 3332.738 GC heap after
{Heap after GC invocations=72 (full 0):
 garbage-first heap   total 344064K, used 102157K [0x0000000604c00000, 0x0000000800000000)
  region size 4096K, 2 young (8192K), 2 survivors (8192K)
 Metaspace       used 107804K, committed 108928K, reserved 1179648K
  class space    used 15022K, committed 15616K, reserved 1048576K
}
Event: 3354.840 GC heap before
{Heap before GC invocations=72 (full 0):
 garbage-first heap   total 344064K, used 143117K [0x0000000604c00000, 0x0000000800000000)
  region size 4096K, 13 young (53248K), 2 survivors (8192K)
 Metaspace       used 108034K, committed 109120K, reserved 1179648K
  class space    used 15069K, committed 15616K, reserved 1048576K
}

